Started GET "/" for 127.0.0.1 at 2024-03-05 07:57:35 -0600
  [1m[35m (4.0ms)[0m  [1m[35mCREATE TABLE "schema_migrations" ("version" varchar NOT NULL PRIMARY KEY)[0m
  [1m[35m (0.2ms)[0m  [1m[35mCREATE TABLE "ar_internal_metadata" ("key" varchar NOT NULL PRIMARY KEY, "value" varchar, "created_at" datetime(6) NOT NULL, "updated_at" datetime(6) NOT NULL)[0m
  [1m[36mActiveRecord::SchemaMigration Load (0.2ms)[0m  [1m[34mSELECT "schema_migrations"."version" FROM "schema_migrations" ORDER BY "schema_migrations"."version" ASC[0m
Processing by Rails::WelcomeController#index as HTML
  Rendering C:/Ruby33-x64/lib/ruby/gems/3.3.0/gems/railties-7.1.3.2/lib/rails/templates/rails/welcome/index.html.erb
  Rendered C:/Ruby33-x64/lib/ruby/gems/3.3.0/gems/railties-7.1.3.2/lib/rails/templates/rails/welcome/index.html.erb (Duration: 1.3ms | Allocations: 375)
Completed 200 OK in 86ms (Views: 22.5ms | ActiveRecord: 0.0ms | Allocations: 8694)


Started GET "/" for 127.0.0.1 at 2024-03-05 08:08:02 -0600
  [1m[36mActiveRecord::SchemaMigration Load (0.1ms)[0m  [1m[34mSELECT "schema_migrations"."version" FROM "schema_migrations" ORDER BY "schema_migrations"."version" ASC[0m
  
ActionController::RoutingError (uninitialized constant PagesController):
  
Started GET "/pages/index" for 127.0.0.1 at 2024-03-05 08:09:28 -0600
  
ActionController::RoutingError (uninitialized constant PagesController):
  
Started GET "/" for 127.0.0.1 at 2024-03-05 08:09:31 -0600
  
ActionController::RoutingError (uninitialized constant PagesController):
  
Started GET "/pages/index" for 127.0.0.1 at 2024-03-05 08:09:48 -0600
  
ActionController::RoutingError (uninitialized constant PagesController):
  
Started GET "/pages/index" for 127.0.0.1 at 2024-03-05 08:12:27 -0600
  
ActionController::RoutingError (uninitialized constant PagesController):
  
Started GET "/pages/index" for 127.0.0.1 at 2024-03-05 08:12:27 -0600
  
ActionController::RoutingError (uninitialized constant PagesController):
  
Started GET "/pages/index" for 127.0.0.1 at 2024-03-05 08:12:43 -0600
  
ActionController::RoutingError (uninitialized constant PagesController):
  
Started GET "/pages/index" for 127.0.0.1 at 2024-03-05 08:12:44 -0600
  
ActionController::RoutingError (uninitialized constant PagesController):
  
Started GET "/pages/index" for 127.0.0.1 at 2024-03-05 08:12:48 -0600
  
ActionController::RoutingError (uninitialized constant PagesController):
  
Started GET "/pages/index" for 127.0.0.1 at 2024-03-05 08:12:50 -0600
  
ActionController::RoutingError (uninitialized constant PagesController):
  
Started GET "/pages/index" for 127.0.0.1 at 2024-03-05 08:12:50 -0600
  
ActionController::RoutingError (uninitialized constant PagesController):
  
Started GET "/pages/index" for 127.0.0.1 at 2024-03-05 08:12:51 -0600
  
ActionController::RoutingError (uninitialized constant PagesController):
  
Started GET "/pages/index" for 127.0.0.1 at 2024-03-05 08:17:28 -0600
  [1m[36mActiveRecord::SchemaMigration Load (0.2ms)[0m  [1m[34mSELECT "schema_migrations"."version" FROM "schema_migrations" ORDER BY "schema_migrations"."version" ASC[0m
  
ActionController::RoutingError (No route matches [GET] "/pages/index"):
  
Started GET "/" for ::1 at 2024-03-05 08:20:14 -0600
  [1m[36mActiveRecord::SchemaMigration Load (0.2ms)[0m  [1m[34mSELECT "schema_migrations"."version" FROM "schema_migrations" ORDER BY "schema_migrations"."version" ASC[0m
Processing by ArticlesController#index as HTML
  Rendering layout layouts/application.html.erb
  Rendering articles/index.html.erb within layouts/application
  Rendered articles/index.html.erb within layouts/application (Duration: 0.8ms | Allocations: 198)
  Rendered layout layouts/application.html.erb (Duration: 1650.1ms | Allocations: 83713)
Completed 500 Internal Server Error in 1730ms (ActiveRecord: 0.0ms | Allocations: 88363)


  
ActionView::Template::Error (Permission denied @ rb_file_s_rename - (C:/rails_test/cascady/tmp/cache/assets/sprockets/v4.0.0/8h/8hF5at8c9i9YWetD-J4zVTUY6oCjzL0GgZf7mS6Qve0.cache.21560.16744.579407, C:/rails_test/cascady/tmp/cache/assets/sprockets/v4.0.0/8h/8hF5at8c9i9YWetD-J4zVTUY6oCjzL0GgZf7mS6Qve0.cache)):
  
sprockets (4.2.1) lib/sprockets/path_utils.rb:362:in `rename'
sprockets (4.2.1) lib/sprockets/path_utils.rb:362:in `atomic_write'
sprockets (4.2.1) lib/sprockets/cache/file_store.rb:112:in `set'
sprockets (4.2.1) lib/sprockets/cache.rb:227:in `set'
sprockets (4.2.1) lib/sprockets/cache.rb:93:in `fetch'
sprockets (4.2.1) lib/sprockets/base.rb:71:in `file_digest'
sprockets (4.2.1) lib/sprockets.rb:213:in `block in <module:Sprockets>'
sprockets (4.2.1) lib/sprockets/dependencies.rb:68:in `resolve_dependency'
sprockets (4.2.1) lib/sprockets/cached_environment.rb:54:in `block in resolve_dependency'
concurrent-ruby (1.2.3) lib/concurrent-ruby/concurrent/map.rb:207:in `block in fetch_or_store'
concurrent-ruby (1.2.3) lib/concurrent-ruby/concurrent/map.rb:187:in `fetch'
concurrent-ruby (1.2.3) lib/concurrent-ruby/concurrent/map.rb:206:in `fetch_or_store'
sprockets (4.2.1) lib/sprockets/cached_environment.rb:54:in `resolve_dependency'
sprockets (4.2.1) lib/sprockets/loader.rb:290:in `block in resolve_dependencies'
C:/Ruby33-x64/lib/ruby/3.3.0/set.rb:501:in `each_key'
C:/Ruby33-x64/lib/ruby/3.3.0/set.rb:501:in `each'
sprockets (4.2.1) lib/sprockets/loader.rb:290:in `map'
sprockets (4.2.1) lib/sprockets/loader.rb:290:in `resolve_dependencies'
sprockets (4.2.1) lib/sprockets/loader.rb:222:in `load_from_unloaded'
sprockets (4.2.1) lib/sprockets/loader.rb:59:in `block in load'
sprockets (4.2.1) lib/sprockets/loader.rb:339:in `fetch_asset_from_dependency_cache'
sprockets (4.2.1) lib/sprockets/loader.rb:43:in `load'
sprockets (4.2.1) lib/sprockets/cached_environment.rb:44:in `block in load'
concurrent-ruby (1.2.3) lib/concurrent-ruby/concurrent/map.rb:207:in `block in fetch_or_store'
concurrent-ruby (1.2.3) lib/concurrent-ruby/concurrent/map.rb:187:in `fetch'
concurrent-ruby (1.2.3) lib/concurrent-ruby/concurrent/map.rb:206:in `fetch_or_store'
sprockets (4.2.1) lib/sprockets/cached_environment.rb:44:in `load'
sprockets (4.2.1) lib/sprockets/bundle.rb:27:in `call'
sprockets (4.2.1) lib/sprockets/processor_utils.rb:84:in `call_processor'
sprockets (4.2.1) lib/sprockets/processor_utils.rb:66:in `block in call_processors'
sprockets (4.2.1) lib/sprockets/processor_utils.rb:65:in `reverse_each'
sprockets (4.2.1) lib/sprockets/processor_utils.rb:65:in `call_processors'
sprockets (4.2.1) lib/sprockets/loader.rb:184:in `load_from_unloaded'
sprockets (4.2.1) lib/sprockets/loader.rb:59:in `block in load'
sprockets (4.2.1) lib/sprockets/loader.rb:339:in `fetch_asset_from_dependency_cache'
sprockets (4.2.1) lib/sprockets/loader.rb:43:in `load'
sprockets (4.2.1) lib/sprockets/cached_environment.rb:44:in `block in load'
concurrent-ruby (1.2.3) lib/concurrent-ruby/concurrent/map.rb:207:in `block in fetch_or_store'
concurrent-ruby (1.2.3) lib/concurrent-ruby/concurrent/map.rb:187:in `fetch'
concurrent-ruby (1.2.3) lib/concurrent-ruby/concurrent/map.rb:206:in `fetch_or_store'
sprockets (4.2.1) lib/sprockets/cached_environment.rb:44:in `load'
sprockets (4.2.1) lib/sprockets/base.rb:81:in `find_asset'
sprockets (4.2.1) lib/sprockets/base.rb:88:in `find_all_linked_assets'
sprockets (4.2.1) lib/sprockets/manifest.rb:125:in `each'
sprockets (4.2.1) lib/sprockets/manifest.rb:125:in `to_a'
sprockets (4.2.1) lib/sprockets/manifest.rb:125:in `block (2 levels) in find'
concurrent-ruby (1.2.3) lib/concurrent-ruby/concurrent/executor/safe_task_executor.rb:24:in `block in execute'
concurrent-ruby (1.2.3) lib/concurrent-ruby/concurrent/synchronization/mutex_lockable_object.rb:48:in `block in synchronize'
concurrent-ruby (1.2.3) lib/concurrent-ruby/concurrent/synchronization/mutex_lockable_object.rb:48:in `synchronize'
concurrent-ruby (1.2.3) lib/concurrent-ruby/concurrent/synchronization/mutex_lockable_object.rb:48:in `synchronize'
concurrent-ruby (1.2.3) lib/concurrent-ruby/concurrent/executor/safe_task_executor.rb:22:in `execute'
concurrent-ruby (1.2.3) lib/concurrent-ruby/concurrent/promise.rb:564:in `block in realize'
concurrent-ruby (1.2.3) lib/concurrent-ruby/concurrent/executor/ruby_thread_pool_executor.rb:359:in `run_task'
concurrent-ruby (1.2.3) lib/concurrent-ruby/concurrent/executor/ruby_thread_pool_executor.rb:350:in `block (3 levels) in create_worker'
<internal:kernel>:187:in `loop'
concurrent-ruby (1.2.3) lib/concurrent-ruby/concurrent/executor/ruby_thread_pool_executor.rb:341:in `block (2 levels) in create_worker'
concurrent-ruby (1.2.3) lib/concurrent-ruby/concurrent/executor/ruby_thread_pool_executor.rb:340:in `catch'
concurrent-ruby (1.2.3) lib/concurrent-ruby/concurrent/executor/ruby_thread_pool_executor.rb:340:in `block in create_worker'
Started GET "/" for ::1 at 2024-03-05 08:22:50 -0600
Processing by ArticlesController#index as HTML
  Rendering layout layouts/application.html.erb
  Rendering articles/index.html.erb within layouts/application
  Rendered articles/index.html.erb within layouts/application (Duration: 0.7ms | Allocations: 98)
  Rendered layout layouts/application.html.erb (Duration: 369.8ms | Allocations: 35731)
Completed 200 OK in 386ms (Views: 376.5ms | ActiveRecord: 0.0ms | Allocations: 36701)


Started GET "/" for ::1 at 2024-03-05 08:34:03 -0600
  [1m[36mActiveRecord::SchemaMigration Load (0.2ms)[0m  [1m[34mSELECT "schema_migrations"."version" FROM "schema_migrations" ORDER BY "schema_migrations"."version" ASC[0m
Processing by ArticlesController#index as HTML
  Rendering layout layouts/application.html.erb
  Rendering articles/index.html.erb within layouts/application
  Rendered articles/index.html.erb within layouts/application (Duration: 0.7ms | Allocations: 188)
  Rendered layout layouts/application.html.erb (Duration: 1279.8ms | Allocations: 118989)
Completed 500 Internal Server Error in 1321ms (ActiveRecord: 0.0ms | Allocations: 123643)


  
ActionView::Template::Error (Permission denied @ rb_file_s_rename - (C:/rails_test/cascady/tmp/cache/assets/sprockets/v4.0.0/le/le4VI92LOkI061911Kbk1gunIxNm-t8rbjHikzFaaq8.cache.22420.2300.142235, C:/rails_test/cascady/tmp/cache/assets/sprockets/v4.0.0/le/le4VI92LOkI061911Kbk1gunIxNm-t8rbjHikzFaaq8.cache)):
  
sprockets (4.2.1) lib/sprockets/path_utils.rb:362:in `rename'
sprockets (4.2.1) lib/sprockets/path_utils.rb:362:in `atomic_write'
sprockets (4.2.1) lib/sprockets/cache/file_store.rb:112:in `set'
sprockets (4.2.1) lib/sprockets/cache.rb:227:in `set'
sprockets (4.2.1) lib/sprockets/cache.rb:143:in `set'
sprockets (4.2.1) lib/sprockets/loader.rb:343:in `fetch_asset_from_dependency_cache'
sprockets (4.2.1) lib/sprockets/loader.rb:43:in `load'
sprockets (4.2.1) lib/sprockets/cached_environment.rb:44:in `block in load'
concurrent-ruby (1.2.3) lib/concurrent-ruby/concurrent/map.rb:207:in `block in fetch_or_store'
concurrent-ruby (1.2.3) lib/concurrent-ruby/concurrent/map.rb:187:in `fetch'
concurrent-ruby (1.2.3) lib/concurrent-ruby/concurrent/map.rb:206:in `fetch_or_store'
sprockets (4.2.1) lib/sprockets/cached_environment.rb:44:in `load'
sprockets (4.2.1) lib/sprockets/bundle.rb:27:in `call'
sprockets (4.2.1) lib/sprockets/processor_utils.rb:84:in `call_processor'
sprockets (4.2.1) lib/sprockets/processor_utils.rb:66:in `block in call_processors'
sprockets (4.2.1) lib/sprockets/processor_utils.rb:65:in `reverse_each'
sprockets (4.2.1) lib/sprockets/processor_utils.rb:65:in `call_processors'
sprockets (4.2.1) lib/sprockets/loader.rb:184:in `load_from_unloaded'
sprockets (4.2.1) lib/sprockets/loader.rb:59:in `block in load'
sprockets (4.2.1) lib/sprockets/loader.rb:339:in `fetch_asset_from_dependency_cache'
sprockets (4.2.1) lib/sprockets/loader.rb:43:in `load'
sprockets (4.2.1) lib/sprockets/cached_environment.rb:44:in `block in load'
concurrent-ruby (1.2.3) lib/concurrent-ruby/concurrent/map.rb:207:in `block in fetch_or_store'
concurrent-ruby (1.2.3) lib/concurrent-ruby/concurrent/map.rb:187:in `fetch'
concurrent-ruby (1.2.3) lib/concurrent-ruby/concurrent/map.rb:206:in `fetch_or_store'
sprockets (4.2.1) lib/sprockets/cached_environment.rb:44:in `load'
sprockets (4.2.1) lib/sprockets/bundle.rb:32:in `block in call'
C:/Ruby33-x64/lib/ruby/3.3.0/set.rb:501:in `each_key'
C:/Ruby33-x64/lib/ruby/3.3.0/set.rb:501:in `each'
sprockets (4.2.1) lib/sprockets/bundle.rb:31:in `call'
sprockets (4.2.1) lib/sprockets/processor_utils.rb:84:in `call_processor'
sprockets (4.2.1) lib/sprockets/processor_utils.rb:66:in `block in call_processors'
sprockets (4.2.1) lib/sprockets/processor_utils.rb:65:in `reverse_each'
sprockets (4.2.1) lib/sprockets/processor_utils.rb:65:in `call_processors'
sprockets (4.2.1) lib/sprockets/loader.rb:184:in `load_from_unloaded'
sprockets (4.2.1) lib/sprockets/loader.rb:59:in `block in load'
sprockets (4.2.1) lib/sprockets/loader.rb:339:in `fetch_asset_from_dependency_cache'
sprockets (4.2.1) lib/sprockets/loader.rb:43:in `load'
sprockets (4.2.1) lib/sprockets/cached_environment.rb:44:in `block in load'
concurrent-ruby (1.2.3) lib/concurrent-ruby/concurrent/map.rb:207:in `block in fetch_or_store'
concurrent-ruby (1.2.3) lib/concurrent-ruby/concurrent/map.rb:187:in `fetch'
concurrent-ruby (1.2.3) lib/concurrent-ruby/concurrent/map.rb:206:in `fetch_or_store'
sprockets (4.2.1) lib/sprockets/cached_environment.rb:44:in `load'
sprockets (4.2.1) lib/sprockets/base.rb:81:in `find_asset'
sprockets (4.2.1) lib/sprockets/base.rb:88:in `find_all_linked_assets'
sprockets (4.2.1) lib/sprockets/manifest.rb:125:in `each'
sprockets (4.2.1) lib/sprockets/manifest.rb:125:in `to_a'
sprockets (4.2.1) lib/sprockets/manifest.rb:125:in `block (2 levels) in find'
concurrent-ruby (1.2.3) lib/concurrent-ruby/concurrent/executor/safe_task_executor.rb:24:in `block in execute'
concurrent-ruby (1.2.3) lib/concurrent-ruby/concurrent/synchronization/mutex_lockable_object.rb:48:in `block in synchronize'
concurrent-ruby (1.2.3) lib/concurrent-ruby/concurrent/synchronization/mutex_lockable_object.rb:48:in `synchronize'
concurrent-ruby (1.2.3) lib/concurrent-ruby/concurrent/synchronization/mutex_lockable_object.rb:48:in `synchronize'
concurrent-ruby (1.2.3) lib/concurrent-ruby/concurrent/executor/safe_task_executor.rb:22:in `execute'
concurrent-ruby (1.2.3) lib/concurrent-ruby/concurrent/promise.rb:564:in `block in realize'
concurrent-ruby (1.2.3) lib/concurrent-ruby/concurrent/executor/ruby_thread_pool_executor.rb:359:in `run_task'
concurrent-ruby (1.2.3) lib/concurrent-ruby/concurrent/executor/ruby_thread_pool_executor.rb:350:in `block (3 levels) in create_worker'
<internal:kernel>:187:in `loop'
concurrent-ruby (1.2.3) lib/concurrent-ruby/concurrent/executor/ruby_thread_pool_executor.rb:341:in `block (2 levels) in create_worker'
concurrent-ruby (1.2.3) lib/concurrent-ruby/concurrent/executor/ruby_thread_pool_executor.rb:340:in `catch'
concurrent-ruby (1.2.3) lib/concurrent-ruby/concurrent/executor/ruby_thread_pool_executor.rb:340:in `block in create_worker'
Started GET "/" for ::1 at 2024-03-05 08:34:50 -0600
Processing by ArticlesController#index as HTML
  Rendering layout layouts/application.html.erb
  Rendering articles/index.html.erb within layouts/application
  Rendered articles/index.html.erb within layouts/application (Duration: 0.9ms | Allocations: 100)
  Rendered layout layouts/application.html.erb (Duration: 135.8ms | Allocations: 49647)
Completed 200 OK in 147ms (Views: 142.7ms | ActiveRecord: 0.0ms | Allocations: 50617)


Started GET "/" for ::1 at 2024-03-05 08:35:07 -0600
Processing by ArticlesController#index as HTML
  Rendering layout layouts/application.html.erb
  Rendering articles/index.html.erb within layouts/application
  Rendered articles/index.html.erb within layouts/application (Duration: 0.7ms | Allocations: 102)
  Rendered layout layouts/application.html.erb (Duration: 51.1ms | Allocations: 23492)
Completed 200 OK in 71ms (Views: 58.6ms | ActiveRecord: 0.0ms | Allocations: 24419)


Started GET "/" for ::1 at 2024-03-05 08:35:22 -0600
Processing by ArticlesController#index as HTML
  Rendering layout layouts/application.html.erb
  Rendering articles/index.html.erb within layouts/application
  Rendered articles/index.html.erb within layouts/application (Duration: 0.8ms | Allocations: 99)
  Rendered layout layouts/application.html.erb (Duration: 48.1ms | Allocations: 23480)
Completed 200 OK in 59ms (Views: 54.3ms | ActiveRecord: 0.0ms | Allocations: 24409)


Started GET "/" for ::1 at 2024-03-05 08:58:48 -0600
  [1m[36mActiveRecord::SchemaMigration Load (0.2ms)[0m  [1m[34mSELECT "schema_migrations"."version" FROM "schema_migrations" ORDER BY "schema_migrations"."version" ASC[0m
Processing by ArticlesController#index as HTML
  Rendering layout layouts/application.html.erb
  Rendering articles/index.html.erb within layouts/application
  Rendered articles/index.html.erb within layouts/application (Duration: 0.8ms | Allocations: 191)
  Rendered layout layouts/application.html.erb (Duration: 154.7ms | Allocations: 56799)
Completed 200 OK in 198ms (Views: 168.3ms | ActiveRecord: 0.0ms | Allocations: 61501)


Started GET "/" for ::1 at 2024-03-05 08:59:12 -0600
Processing by ArticlesController#index as HTML
  Rendering layout layouts/application.html.erb
  Rendering articles/index.html.erb within layouts/application
  Rendered articles/index.html.erb within layouts/application (Duration: 0.8ms | Allocations: 104)
  Rendered layout layouts/application.html.erb (Duration: 42.9ms | Allocations: 23719)
Completed 200 OK in 58ms (Views: 48.8ms | ActiveRecord: 0.0ms | Allocations: 24650)


Started GET "/" for ::1 at 2024-03-05 08:59:42 -0600
Processing by ArticlesController#index as HTML
  Rendering layout layouts/application.html.erb
  Rendering articles/index.html.erb within layouts/application
  Rendered articles/index.html.erb within layouts/application (Duration: 0.0ms | Allocations: 7)
  Rendered layout layouts/application.html.erb (Duration: 18.8ms | Allocations: 6305)
Completed 200 OK in 22ms (Views: 19.8ms | ActiveRecord: 0.0ms | Allocations: 6573)


Started GET "/" for ::1 at 2024-03-05 08:59:56 -0600
Processing by ArticlesController#index as HTML
  Rendering layout layouts/application.html.erb
  Rendering articles/index.html.erb within layouts/application
  Rendered articles/index.html.erb within layouts/application (Duration: 0.7ms | Allocations: 104)
  Rendered layout layouts/application.html.erb (Duration: 39.6ms | Allocations: 23714)
Completed 200 OK in 704ms (Views: 695.1ms | ActiveRecord: 0.0ms | Allocations: 24647)


Started GET "/" for ::1 at 2024-03-05 09:02:40 -0600
Processing by ArticlesController#index as HTML
  Rendering layout layouts/application.html.erb
  Rendering articles/index.html.erb within layouts/application
  Rendered articles/index.html.erb within layouts/application (Duration: 0.1ms | Allocations: 7)
  Rendered layout layouts/application.html.erb (Duration: 186.9ms | Allocations: 6293)
Completed 200 OK in 191ms (Views: 188.0ms | ActiveRecord: 0.0ms | Allocations: 6560)


Started GET "/" for 127.0.0.1 at 2024-03-12 07:14:18 -0600
  [1m[36mActiveRecord::SchemaMigration Load (0.2ms)[0m  [1m[34mSELECT "schema_migrations"."version" FROM "schema_migrations" ORDER BY "schema_migrations"."version" ASC[0m
Processing by ArticlesController#index as HTML
  Rendering layout layouts/application.html.erb
  Rendering articles/index.html.erb within layouts/application
  Rendered articles/index.html.erb within layouts/application (Duration: 24.6ms | Allocations: 1904)
  Rendered layout layouts/application.html.erb (Duration: 26.3ms | Allocations: 2028)
Completed 500 Internal Server Error in 277ms (ActiveRecord: 0.0ms | Allocations: 6684)


  
ActionView::Template::Error (Missing partial articles/_navbar, application/_navbar with {:locale=>[:en], :formats=>[:html], :variants=>[], :handlers=>[:raw, :erb, :html, :builder, :ruby, :jbuilder]}.

Searched in:
  * "C:/rails_test/cascady/app/views"
  * "C:/Ruby33-x64/lib/ruby/gems/3.3.0/gems/turbo-rails-2.0.4/app/views"
  * "C:/Ruby33-x64/lib/ruby/gems/3.3.0/gems/actiontext-7.1.3.2/app/views"
  * "C:/Ruby33-x64/lib/ruby/gems/3.3.0/gems/actionmailbox-7.1.3.2/app/views"
):
    1:  <%= render 'navbar' %>
    2: <p class="p-8 text-lg  font-black flex justify-center">Find me in app/views/articles/index.html.erb</p>
    3: 
    4: <h1 class="text-3xl font-bold underline">
  
app/views/articles/index.html.erb:1
Started GET "/" for 127.0.0.1 at 2024-03-12 07:17:06 -0600
Processing by ArticlesController#index as HTML
  Rendering layout layouts/application.html.erb
  Rendering articles/index.html.erb within layouts/application
  Rendered articles/index.html.erb within layouts/application (Duration: 4.2ms | Allocations: 1244)
  Rendered layout layouts/application.html.erb (Duration: 7.7ms | Allocations: 1334)
Completed 500 Internal Server Error in 26ms (ActiveRecord: 0.0ms | Allocations: 2239)


  
ActionView::Template::Error (Missing partial articles/_navbar with {:locale=>[:en], :formats=>[:html], :variants=>[], :handlers=>[:raw, :erb, :html, :builder, :ruby, :jbuilder]}.

Searched in:
  * "C:/rails_test/cascady/app/views"
  * "C:/Ruby33-x64/lib/ruby/gems/3.3.0/gems/turbo-rails-2.0.4/app/views"
  * "C:/Ruby33-x64/lib/ruby/gems/3.3.0/gems/actiontext-7.1.3.2/app/views"
  * "C:/Ruby33-x64/lib/ruby/gems/3.3.0/gems/actionmailbox-7.1.3.2/app/views"
):
    1:  <%= render 'articles/navbar' %>
    2: 
    3: <p class="p-8 text-lg  font-black flex justify-center">Find me in app/views/articles/index.html.erb</p>
    4: 
  
app/views/articles/index.html.erb:1
Started GET "/" for 127.0.0.1 at 2024-03-12 07:19:20 -0600
Processing by ArticlesController#index as HTML
  Rendering layout layouts/application.html.erb
  Rendering articles/index.html.erb within layouts/application
  Rendered articles/index.html.erb within layouts/application (Duration: 4.0ms | Allocations: 1258)
  Rendered layout layouts/application.html.erb (Duration: 6.6ms | Allocations: 1348)
Completed 500 Internal Server Error in 17ms (ActiveRecord: 0.0ms | Allocations: 2255)


  
ActionView::Template::Error (Missing partial articles/_navbar with {:locale=>[:en], :formats=>[:html], :variants=>[], :handlers=>[:raw, :erb, :html, :builder, :ruby, :jbuilder]}.

Searched in:
  * "C:/rails_test/cascady/app/views"
  * "C:/Ruby33-x64/lib/ruby/gems/3.3.0/gems/turbo-rails-2.0.4/app/views"
  * "C:/Ruby33-x64/lib/ruby/gems/3.3.0/gems/actiontext-7.1.3.2/app/views"
  * "C:/Ruby33-x64/lib/ruby/gems/3.3.0/gems/actionmailbox-7.1.3.2/app/views"
):
     5: 
     6: <body>
     7:     <div>
     8:         <%= render 'articles/navbar' %>
     9:     </div>
    10: 
    11: <p class="p-8 text-lg  font-black flex justify-center">Find me in app/views/articles/index.html.erb</p>
  
app/views/articles/index.html.erb:8
Started GET "/" for 127.0.0.1 at 2024-03-12 07:22:23 -0600
Processing by ArticlesController#index as HTML
  Rendering layout layouts/application.html.erb
  Rendering articles/index.html.erb within layouts/application
  Rendered articles/index.html.erb within layouts/application (Duration: 7.2ms | Allocations: 1253)
  Rendered layout layouts/application.html.erb (Duration: 8.1ms | Allocations: 1343)
Completed 500 Internal Server Error in 22ms (ActiveRecord: 0.0ms | Allocations: 2248)


  
ActionView::Template::Error (Missing partial articles/_navbar with {:locale=>[:en], :formats=>[:html], :variants=>[], :handlers=>[:raw, :erb, :html, :builder, :ruby, :jbuilder]}.

Searched in:
  * "C:/rails_test/cascady/app/views"
  * "C:/Ruby33-x64/lib/ruby/gems/3.3.0/gems/turbo-rails-2.0.4/app/views"
  * "C:/Ruby33-x64/lib/ruby/gems/3.3.0/gems/actiontext-7.1.3.2/app/views"
  * "C:/Ruby33-x64/lib/ruby/gems/3.3.0/gems/actionmailbox-7.1.3.2/app/views"
):
     5: 
     6: <body>
     7:     <div>
     8:         <%= render 'articles/navbar' %>
     9:     </div>
    10: 
    11: <p class="p-8 text-lg  font-black flex justify-center">Find me in app/views/articles/index.html.erb</p>
  
app/views/articles/index.html.erb:8
Started GET "/" for 127.0.0.1 at 2024-03-12 07:24:36 -0600
Processing by ArticlesController#index as HTML
  Rendering layout layouts/application.html.erb
  Rendering articles/index.html.erb within layouts/application
  Rendered articles/index.html.erb within layouts/application (Duration: 1.9ms | Allocations: 1147)
  Rendered layout layouts/application.html.erb (Duration: 3.9ms | Allocations: 1237)
Completed 500 Internal Server Error in 16ms (ActiveRecord: 0.0ms | Allocations: 2149)


  
ActionView::Template::Error (File C:/rails_test/cascady/articles/navbar.html does not exist):
     5: 
     6: <body>
     7:     <div>
     8:         <%= render file: "#{Rails.root}/articles/navbar.html", layout: false %>
     9:     </div>
    10: 
    11: <p class="p-8 text-lg  font-black flex justify-center">Find me in app/views/articles/index.html.erb</p>
  
app/views/articles/index.html.erb:8
Started GET "/" for 127.0.0.1 at 2024-03-12 07:28:22 -0600
Processing by ArticlesController#index as HTML
  Rendering layout layouts/application.html.erb
  Rendering articles/index.html.erb within layouts/application
  Rendered articles/index.html.erb within layouts/application (Duration: 4.6ms | Allocations: 1141)
  Rendered layout layouts/application.html.erb (Duration: 6.3ms | Allocations: 1231)
Completed 500 Internal Server Error in 407ms (ActiveRecord: 0.0ms | Allocations: 2137)


  
ActionView::Template::Error (File C:/rails_test/cascadyapp/views/articles/navbar.html does not exist):
     5: 
     6: <body>
     7:     <div>
     8:         <%= render file: "#{Rails.root}app/views/articles/navbar.html", layout: false %>
     9:     </div>
    10: 
    11: <p class="p-8 text-lg  font-black flex justify-center">Find me in app/views/articles/index.html.erb</p>
  
app/views/articles/index.html.erb:8
Started GET "/" for 127.0.0.1 at 2024-03-12 07:28:42 -0600
Processing by ArticlesController#index as HTML
  Rendering layout layouts/application.html.erb
  Rendering articles/index.html.erb within layouts/application
  Rendered articles/index.html.erb within layouts/application (Duration: 1.9ms | Allocations: 1210)
  Rendered layout layouts/application.html.erb (Duration: 3.2ms | Allocations: 1307)
Completed 500 Internal Server Error in 29ms (ActiveRecord: 0.0ms | Allocations: 2239)


  
ActionView::SyntaxErrorInTemplate (Encountered a syntax error while rendering template: check <html>

<head>
</head>

<body>
    <div>
        <%= render file: "#{Rails.root}/app/views/articles/navbar.html", layout: false %>
    </div>

<p class="p-8 text-lg  font-black flex justify-center">Find me in app/views/articles/index.html.erb</p>

<h1 class="text-3xl font-bold underline">
    Hello world!
</h1>
    <div>
        <%= render file: "#{Rails.root/}app/views/articles/footer.html", layout: false%>
    </div>
</body>
</html>


app/views/articles

):
1:    <html>
2:    
3:    <head>
4:    </head>
5:    
6:    <body>
7:        <div>
8:            <%= render file: "#{Rails.root}/app/views/articles/navbar.html", layout: false %>
9:        </div>
10:    
11:    <p class="p-8 text-lg  font-black flex justify-center">Find me in app/views/articles/index.html.erb</p>
12:    
13:    <h1 class="text-3xl font-bold underline">
14:        Hello world!
15:    </h1>
16:        <div>
17:            <%= render file: "#{Rails.root/}app/views/articles/footer.html", layout: false%>
18:        </div>
19:    </body>
20:    </html>
21:    
22:    
23:    app/views/articles
  
app/views/articles/index.html.erb:17: syntax error, unexpected '}'
Started GET "/" for 127.0.0.1 at 2024-03-12 07:31:48 -0600
Processing by ArticlesController#index as HTML
  Rendering layout layouts/application.html.erb
  Rendering articles/index.html.erb within layouts/application
  Rendered articles/index.html.erb within layouts/application (Duration: 4.2ms | Allocations: 1250)
  Rendered layout layouts/application.html.erb (Duration: 5.3ms | Allocations: 1340)
Completed 500 Internal Server Error in 19ms (ActiveRecord: 0.0ms | Allocations: 2243)


  
ActionView::Template::Error (Missing partial articles/_navbar with {:locale=>[:en], :formats=>[:html], :variants=>[], :handlers=>[:raw, :erb, :html, :builder, :ruby, :jbuilder]}.

Searched in:
  * "C:/rails_test/cascady/app/views"
  * "C:/Ruby33-x64/lib/ruby/gems/3.3.0/gems/turbo-rails-2.0.4/app/views"
  * "C:/Ruby33-x64/lib/ruby/gems/3.3.0/gems/actiontext-7.1.3.2/app/views"
  * "C:/Ruby33-x64/lib/ruby/gems/3.3.0/gems/actionmailbox-7.1.3.2/app/views"
):
     5: 
     6: <body>
     7:     <div>
     8:         <%= render 'articles/navbar' %>
     9:     </div>
    10: 
    11: <p class="p-8 text-lg  font-black flex justify-center">Find me in app/views/articles/index.html.erb</p>
  
app/views/articles/index.html.erb:8
Started GET "/" for 127.0.0.1 at 2024-03-12 07:32:50 -0600
Processing by ArticlesController#index as HTML
  Rendering layout layouts/application.html.erb
  Rendering articles/index.html.erb within layouts/application
  Rendering html template
  Rendered html template (Duration: 0.1ms | Allocations: 9)
  Rendering html template
  Rendered html template (Duration: 0.0ms | Allocations: 2)
  Rendered articles/index.html.erb within layouts/application (Duration: 18.5ms | Allocations: 535)
  Rendered layout layouts/application.html.erb (Duration: 209.0ms | Allocations: 55675)
Completed 200 OK in 233ms (Views: 216.2ms | ActiveRecord: 0.0ms | Allocations: 56641)


Started GET "/" for 127.0.0.1 at 2024-03-12 07:37:24 -0600
Processing by ArticlesController#index as HTML
  Rendering layout layouts/application.html.erb
  Rendering articles/index.html.erb within layouts/application
  Rendered articles/index.html.erb within layouts/application (Duration: 3.7ms | Allocations: 1278)
  Rendered layout layouts/application.html.erb (Duration: 4.5ms | Allocations: 1368)
Completed 500 Internal Server Error in 28ms (ActiveRecord: 0.0ms | Allocations: 2274)


  
ActionView::Template::Error (Missing partial articles/_navbar with {:locale=>[:en], :formats=>[:html], :variants=>[], :handlers=>[:raw, :erb, :html, :builder, :ruby, :jbuilder]}.

Searched in:
  * "C:/rails_test/cascady/app/views"
  * "C:/Ruby33-x64/lib/ruby/gems/3.3.0/gems/turbo-rails-2.0.4/app/views"
  * "C:/Ruby33-x64/lib/ruby/gems/3.3.0/gems/actiontext-7.1.3.2/app/views"
  * "C:/Ruby33-x64/lib/ruby/gems/3.3.0/gems/actionmailbox-7.1.3.2/app/views"
):
     5: 
     6: <body>
     7:     <div>
     8:         <%= render partial: 'articles/navbar' %>
     9: 
    10:     </div>
    11: 
  
app/views/articles/index.html.erb:8
Started GET "/" for 127.0.0.1 at 2024-03-12 07:42:11 -0600
Processing by ArticlesController#index as HTML
  Rendering layout layouts/application.html.erb
  Rendering articles/index.html.erb within layouts/application
  Rendered articles/index.html.erb within layouts/application (Duration: 3.3ms | Allocations: 1258)
  Rendered layout layouts/application.html.erb (Duration: 4.1ms | Allocations: 1348)
Completed 500 Internal Server Error in 23ms (ActiveRecord: 0.0ms | Allocations: 2254)


  
ActionView::Template::Error (Missing partial shared/_navbar with {:locale=>[:en], :formats=>[:html], :variants=>[], :handlers=>[:raw, :erb, :html, :builder, :ruby, :jbuilder]}.

Searched in:
  * "C:/rails_test/cascady/app/views"
  * "C:/Ruby33-x64/lib/ruby/gems/3.3.0/gems/turbo-rails-2.0.4/app/views"
  * "C:/Ruby33-x64/lib/ruby/gems/3.3.0/gems/actiontext-7.1.3.2/app/views"
  * "C:/Ruby33-x64/lib/ruby/gems/3.3.0/gems/actionmailbox-7.1.3.2/app/views"
):
     5: 
     6: <body>
     7: <nav>
     8:   <%= render partial: 'shared/navbar' %>
     9: </nav>
    10: 
    11: <p class="p-8 text-lg  font-black flex justify-center">Find me in app/views/articles/index.html.erb</p>
  
app/views/articles/index.html.erb:8
Started GET "/" for 127.0.0.1 at 2024-03-12 07:42:25 -0600
Processing by ArticlesController#index as HTML
  Rendering layout layouts/application.html.erb
  Rendering articles/index.html.erb within layouts/application
  Rendered articles/index.html.erb within layouts/application (Duration: 4.9ms | Allocations: 1315)
  Rendered layout layouts/application.html.erb (Duration: 6.7ms | Allocations: 1405)
Completed 500 Internal Server Error in 18ms (ActiveRecord: 0.0ms | Allocations: 2311)


  
ActionView::Template::Error (Missing partial articles/_navbar with {:locale=>[:en], :formats=>[:html], :variants=>[], :handlers=>[:raw, :erb, :html, :builder, :ruby, :jbuilder]}.

Searched in:
  * "C:/rails_test/cascady/app/views"
  * "C:/Ruby33-x64/lib/ruby/gems/3.3.0/gems/turbo-rails-2.0.4/app/views"
  * "C:/Ruby33-x64/lib/ruby/gems/3.3.0/gems/actiontext-7.1.3.2/app/views"
  * "C:/Ruby33-x64/lib/ruby/gems/3.3.0/gems/actionmailbox-7.1.3.2/app/views"
):
     5: 
     6: <body>
     7: <nav>
     8:   <%= render partial: 'articles/navbar' %>
     9: </nav>
    10: 
    11: <p class="p-8 text-lg  font-black flex justify-center">Find me in app/views/articles/index.html.erb</p>
  
app/views/articles/index.html.erb:8
Started GET "/" for 127.0.0.1 at 2024-03-12 07:43:54 -0600
Processing by ArticlesController#index as HTML
  Rendering layout layouts/application.html.erb
  Rendering articles/index.html.erb within layouts/application
  Rendered articles/index.html.erb within layouts/application (Duration: 6.2ms | Allocations: 1343)
  Rendered layout layouts/application.html.erb (Duration: 7.1ms | Allocations: 1433)
Completed 500 Internal Server Error in 26ms (ActiveRecord: 0.0ms | Allocations: 2339)


  
ActionView::Template::Error (Missing partial articles/_navbar, application/_navbar with {:locale=>[:en], :formats=>[:html], :variants=>[], :handlers=>[:raw, :erb, :html, :builder, :ruby, :jbuilder]}.

Searched in:
  * "C:/rails_test/cascady/app/views"
  * "C:/Ruby33-x64/lib/ruby/gems/3.3.0/gems/turbo-rails-2.0.4/app/views"
  * "C:/Ruby33-x64/lib/ruby/gems/3.3.0/gems/actiontext-7.1.3.2/app/views"
  * "C:/Ruby33-x64/lib/ruby/gems/3.3.0/gems/actionmailbox-7.1.3.2/app/views"
):
     5: 
     6: <body>
     7: <nav>
     8:   <%= render partial: 'navbar' %>
     9: </nav>
    10: 
    11: <p class="p-8 text-lg  font-black flex justify-center">Find me in app/views/articles/index.html.erb</p>
  
app/views/articles/index.html.erb:8
Started GET "/" for 127.0.0.1 at 2024-03-12 07:44:56 -0600
Processing by ArticlesController#index as HTML
  Rendering layout layouts/application.html.erb
  Rendering articles/index.html.erb within layouts/application
  Rendered articles/index.html.erb within layouts/application (Duration: 4.8ms | Allocations: 1261)
  Rendered layout layouts/application.html.erb (Duration: 5.9ms | Allocations: 1351)
Completed 500 Internal Server Error in 28ms (ActiveRecord: 0.0ms | Allocations: 2258)


  
ActionView::Template::Error (Missing partial articles/_navbar with {:locale=>[:en], :formats=>[:html], :variants=>[], :handlers=>[:raw, :erb, :html, :builder, :ruby, :jbuilder]}.

Searched in:
  * "C:/rails_test/cascady/app/views"
  * "C:/Ruby33-x64/lib/ruby/gems/3.3.0/gems/turbo-rails-2.0.4/app/views"
  * "C:/Ruby33-x64/lib/ruby/gems/3.3.0/gems/actiontext-7.1.3.2/app/views"
  * "C:/Ruby33-x64/lib/ruby/gems/3.3.0/gems/actionmailbox-7.1.3.2/app/views"
):
     5: 
     6: <body>
     7: <nav>
     8: <%= render partial: 'articles/navbar' %>
     9: 
    10: </nav>
    11: 
  
app/views/articles/index.html.erb:8
Started GET "/" for 127.0.0.1 at 2024-03-12 07:45:27 -0600
Processing by ArticlesController#index as HTML
  Rendering layout layouts/application.html.erb
  Rendering articles/index.html.erb within layouts/application
  Rendered articles/index.html.erb within layouts/application (Duration: 1.0ms | Allocations: 1106)
  Rendered layout layouts/application.html.erb (Duration: 3.4ms | Allocations: 1195)
Completed 500 Internal Server Error in 648ms (ActiveRecord: 0.0ms | Allocations: 1441)


  
ActionView::Template::Error (Missing partial articles/_navbar with {:locale=>[:en], :formats=>[:html], :variants=>[], :handlers=>[:raw, :erb, :html, :builder, :ruby, :jbuilder]}.

Searched in:
  * "C:/rails_test/cascady/app/views"
  * "C:/Ruby33-x64/lib/ruby/gems/3.3.0/gems/turbo-rails-2.0.4/app/views"
  * "C:/Ruby33-x64/lib/ruby/gems/3.3.0/gems/actiontext-7.1.3.2/app/views"
  * "C:/Ruby33-x64/lib/ruby/gems/3.3.0/gems/actionmailbox-7.1.3.2/app/views"
):
     5: 
     6: <body>
     7: <nav>
     8: <%= render partial: 'articles/navbar' %>
     9: 
    10: </nav>
    11: 
  
app/views/articles/index.html.erb:8
Started GET "/" for 127.0.0.1 at 2024-03-12 07:50:23 -0600
Processing by ArticlesController#index as HTML
  Rendering layout layouts/application.html.erb
  Rendering articles/index.html.erb within layouts/application
  Rendered articles/index.html.erb within layouts/application (Duration: 0.9ms | Allocations: 139)
  Rendered layout layouts/application.html.erb (Duration: 67.3ms | Allocations: 23771)
Completed 200 OK in 91ms (Views: 76.1ms | ActiveRecord: 0.0ms | Allocations: 24698)


Started GET "/" for 127.0.0.1 at 2024-03-12 07:52:34 -0600
Processing by ArticlesController#index as HTML
  Rendering layout layouts/application.html.erb
  Rendering articles/index.html.erb within layouts/application
  Rendered articles/index.html.erb within layouts/application (Duration: 2.9ms | Allocations: 1068)
  Rendered layout layouts/application.html.erb (Duration: 4.1ms | Allocations: 1158)
Completed 500 Internal Server Error in 23ms (ActiveRecord: 0.0ms | Allocations: 2066)


  
ActionView::Template::Error (undefined local variable or method `navbar_with_flex' for an instance of #<Class:0x000002d8a4babc40>):
     5: 
     6: <body>
     7: 
     8: <%= navbar_with_flex %>
     9: 
    10: <p class="p-8 text-lg  font-black flex justify-center">Find me in app/views/articles/index.html.erb</p>
    11: 
  
app/views/articles/index.html.erb:8
Started GET "/" for 127.0.0.1 at 2024-03-12 07:52:43 -0600
Processing by ArticlesController#index as HTML
  Rendering layout layouts/application.html.erb
  Rendering articles/index.html.erb within layouts/application
  Rendered articles/index.html.erb within layouts/application (Duration: 1.2ms | Allocations: 1119)
  Rendered layout layouts/application.html.erb (Duration: 2.1ms | Allocations: 1209)
Completed 500 Internal Server Error in 19ms (ActiveRecord: 0.0ms | Allocations: 2115)


  
ActionView::Template::Error (undefined local variable or method `navbar' for an instance of #<Class:0x000002d8a0f2ce40>):
     5: 
     6: <body>
     7: 
     8: <%= navbar %>
     9: 
    10: <p class="p-8 text-lg  font-black flex justify-center">Find me in app/views/articles/index.html.erb</p>
    11: 
  
app/views/articles/index.html.erb:8
Started GET "/" for 127.0.0.1 at 2024-03-12 07:53:08 -0600
Processing by ArticlesController#index as HTML
  Rendering layout layouts/application.html.erb
  Rendering articles/index.html.erb within layouts/application
  Rendered articles/index.html.erb within layouts/application (Duration: 0.9ms | Allocations: 136)
  Rendered layout layouts/application.html.erb (Duration: 73.0ms | Allocations: 23749)
Completed 200 OK in 86ms (Views: 81.5ms | ActiveRecord: 0.0ms | Allocations: 24676)


Started GET "/media/svg/Cascady_Logo.svg" for 127.0.0.1 at 2024-03-12 07:53:09 -0600
  
ActionController::RoutingError (No route matches [GET] "/media/svg/Cascady_Logo.svg"):
  
Started GET "/" for 127.0.0.1 at 2024-03-12 07:58:07 -0600
Processing by ArticlesController#index as HTML
  Rendering layout layouts/application.html.erb
  Rendering articles/index.html.erb within layouts/application
  Rendered articles/index.html.erb within layouts/application (Duration: 0.1ms | Allocations: 9)
  Rendered layout layouts/application.html.erb (Duration: 19.2ms | Allocations: 6507)
Completed 200 OK in 23ms (Views: 20.4ms | ActiveRecord: 0.0ms | Allocations: 6770)


Started GET "/media/svg/Cascady_Logo.svg" for 127.0.0.1 at 2024-03-12 07:58:07 -0600
  
ActionController::RoutingError (No route matches [GET] "/media/svg/Cascady_Logo.svg"):
  
Started GET "/" for 127.0.0.1 at 2024-03-12 07:58:08 -0600
Processing by ArticlesController#index as HTML
  Rendering layout layouts/application.html.erb
  Rendering articles/index.html.erb within layouts/application
  Rendered articles/index.html.erb within layouts/application (Duration: 0.1ms | Allocations: 9)
  Rendered layout layouts/application.html.erb (Duration: 20.4ms | Allocations: 6513)
Completed 200 OK in 24ms (Views: 21.5ms | ActiveRecord: 0.0ms | Allocations: 6776)


Started GET "/media/svg/Cascady_Logo.svg" for 127.0.0.1 at 2024-03-12 07:58:08 -0600
  
ActionController::RoutingError (No route matches [GET] "/media/svg/Cascady_Logo.svg"):
  
Started GET "/" for 127.0.0.1 at 2024-03-12 07:58:20 -0600
Processing by ArticlesController#index as HTML
  Rendering layout layouts/application.html.erb
  Rendering articles/index.html.erb within layouts/application
  Rendered articles/index.html.erb within layouts/application (Duration: 0.1ms | Allocations: 9)
  Rendered layout layouts/application.html.erb (Duration: 19.3ms | Allocations: 6513)
Completed 200 OK in 23ms (Views: 20.5ms | ActiveRecord: 0.0ms | Allocations: 6776)


Started GET "/media/svg/Cascady_Logo.svg" for 127.0.0.1 at 2024-03-12 07:58:20 -0600
  
ActionController::RoutingError (No route matches [GET] "/media/svg/Cascady_Logo.svg"):
  
Started GET "/" for 127.0.0.1 at 2024-03-12 07:58:20 -0600
Processing by ArticlesController#index as HTML
  Rendering layout layouts/application.html.erb
  Rendering articles/index.html.erb within layouts/application
  Rendered articles/index.html.erb within layouts/application (Duration: 0.1ms | Allocations: 9)
  Rendered layout layouts/application.html.erb (Duration: 18.0ms | Allocations: 6510)
Completed 200 OK in 22ms (Views: 19.1ms | ActiveRecord: 0.0ms | Allocations: 6773)


Started GET "/media/svg/Cascady_Logo.svg" for 127.0.0.1 at 2024-03-12 07:58:21 -0600
  
ActionController::RoutingError (No route matches [GET] "/media/svg/Cascady_Logo.svg"):
  
Started GET "/" for 127.0.0.1 at 2024-03-12 07:58:21 -0600
Processing by ArticlesController#index as HTML
  Rendering layout layouts/application.html.erb
  Rendering articles/index.html.erb within layouts/application
  Rendered articles/index.html.erb within layouts/application (Duration: 0.0ms | Allocations: 9)
  Rendered layout layouts/application.html.erb (Duration: 18.5ms | Allocations: 6504)
Completed 200 OK in 21ms (Views: 19.3ms | ActiveRecord: 0.0ms | Allocations: 6767)


Started GET "/media/svg/Cascady_Logo.svg" for 127.0.0.1 at 2024-03-12 07:58:21 -0600
  
ActionController::RoutingError (No route matches [GET] "/media/svg/Cascady_Logo.svg"):
  
Started GET "/" for 127.0.0.1 at 2024-03-12 07:58:22 -0600
Processing by ArticlesController#index as HTML
  Rendering layout layouts/application.html.erb
  Rendering articles/index.html.erb within layouts/application
  Rendered articles/index.html.erb within layouts/application (Duration: 0.1ms | Allocations: 9)
  Rendered layout layouts/application.html.erb (Duration: 19.8ms | Allocations: 6498)
Completed 200 OK in 23ms (Views: 21.2ms | ActiveRecord: 0.0ms | Allocations: 6761)


Started GET "/media/svg/Cascady_Logo.svg" for 127.0.0.1 at 2024-03-12 07:58:22 -0600
  
ActionController::RoutingError (No route matches [GET] "/media/svg/Cascady_Logo.svg"):
  
Started GET "/" for 127.0.0.1 at 2024-03-12 07:59:52 -0600
Processing by ArticlesController#index as HTML
  Rendering layout layouts/application.html.erb
  Rendering articles/index.html.erb within layouts/application
  Rendered articles/index.html.erb within layouts/application (Duration: 1.0ms | Allocations: 134)
  Rendered layout layouts/application.html.erb (Duration: 45.6ms | Allocations: 23746)
Completed 200 OK in 56ms (Views: 52.4ms | ActiveRecord: 0.0ms | Allocations: 24670)


Started GET "/output.css" for 127.0.0.1 at 2024-03-12 07:59:53 -0600
Started GET "/media/svg/Cascady_Logo.svg" for 127.0.0.1 at 2024-03-12 07:59:53 -0600
  
ActionController::RoutingError (No route matches [GET] "/output.css"):
  
  
ActionController::RoutingError (No route matches [GET] "/media/svg/Cascady_Logo.svg"):
  
Started GET "/" for 127.0.0.1 at 2024-03-12 08:02:23 -0600
Processing by ArticlesController#index as HTML
  Rendering layout layouts/application.html.erb
  Rendering articles/index.html.erb within layouts/application
  Rendered articles/index.html.erb within layouts/application (Duration: 0.8ms | Allocations: 136)
  Rendered layout layouts/application.html.erb (Duration: 44.9ms | Allocations: 23758)
Completed 200 OK in 55ms (Views: 51.3ms | ActiveRecord: 0.0ms | Allocations: 24685)


Started GET "/media/svg/Cascady_Logo.svg" for 127.0.0.1 at 2024-03-12 08:02:24 -0600
  
ActionController::RoutingError (No route matches [GET] "/media/svg/Cascady_Logo.svg"):
  
Started GET "/" for 127.0.0.1 at 2024-03-12 08:03:42 -0600
  
SyntaxError (C:/rails_test/cascady/app/helpers/articles_helper.rb:8: syntax error, unexpected `end'):
  
app/helpers/articles_helper.rb:8: syntax error, unexpected `end'
app/controllers/application_controller.rb:1:in `<main>'
app/controllers/articles_controller.rb:1:in `<main>'
Started GET "/" for 127.0.0.1 at 2024-03-12 08:04:01 -0600
  
SyntaxError (C:/rails_test/cascady/app/helpers/articles_helper.rb:6: syntax error, unexpected end-of-input, expecting `end' or dummy end):
  
app/helpers/articles_helper.rb:6: syntax error, unexpected end-of-input, expecting `end' or dummy end
app/controllers/application_controller.rb:1:in `<main>'
app/controllers/articles_controller.rb:1:in `<main>'
Started GET "/" for 127.0.0.1 at 2024-03-12 08:04:21 -0600
Processing by ArticlesController#index as HTML
  Rendering layout layouts/application.html.erb
  Rendering articles/index.html.erb within layouts/application
  Rendered articles/index.html.erb within layouts/application (Duration: 3.7ms | Allocations: 1239)
  Rendered layout layouts/application.html.erb (Duration: 4.7ms | Allocations: 1329)
Completed 500 Internal Server Error in 13ms (ActiveRecord: 0.0ms | Allocations: 2232)


  
ActionView::Template::Error (Missing partial articles/_navbar with {:locale=>[:en], :formats=>[:html], :variants=>[], :handlers=>[:raw, :erb, :html, :builder, :ruby, :jbuilder]}.

Searched in:
  * "C:/rails_test/cascady/app/views"
  * "C:/Ruby33-x64/lib/ruby/gems/3.3.0/gems/turbo-rails-2.0.4/app/views"
  * "C:/Ruby33-x64/lib/ruby/gems/3.3.0/gems/actiontext-7.1.3.2/app/views"
  * "C:/Ruby33-x64/lib/ruby/gems/3.3.0/gems/actionmailbox-7.1.3.2/app/views"
):
     5: 
     6: <body>
     7: 
     8: <%= navbar_index %>
     9: 
    10: <p class="p-8 text-lg  font-black flex justify-center">Find me in app/views/articles/index.html.erb</p>
    11: 
  
app/helpers/articles_helper.rb:3:in `navbar_index'
app/views/articles/index.html.erb:8
Started GET "/" for 127.0.0.1 at 2024-03-12 08:05:41 -0600
Processing by ArticlesController#index as HTML
  Rendering layout layouts/application.html.erb
  Rendering articles/index.html.erb within layouts/application
  Rendered articles/index.html.erb within layouts/application (Duration: 0.5ms | Allocations: 1094)
  Rendered layout layouts/application.html.erb (Duration: 1.0ms | Allocations: 1183)
Completed 500 Internal Server Error in 5ms (ActiveRecord: 0.0ms | Allocations: 1427)


  
ActionView::Template::Error (Missing partial articles/_navbar with {:locale=>[:en], :formats=>[:html], :variants=>[], :handlers=>[:raw, :erb, :html, :builder, :ruby, :jbuilder]}.

Searched in:
  * "C:/rails_test/cascady/app/views"
  * "C:/Ruby33-x64/lib/ruby/gems/3.3.0/gems/turbo-rails-2.0.4/app/views"
  * "C:/Ruby33-x64/lib/ruby/gems/3.3.0/gems/actiontext-7.1.3.2/app/views"
  * "C:/Ruby33-x64/lib/ruby/gems/3.3.0/gems/actionmailbox-7.1.3.2/app/views"
):
     5: 
     6: <body>
     7: 
     8: <%= navbar_index %>
     9: 
    10: <p class="p-8 text-lg  font-black flex justify-center">Find me in app/views/articles/index.html.erb</p>
    11: 
  
app/helpers/articles_helper.rb:3:in `navbar_index'
app/views/articles/index.html.erb:8
Started GET "/" for 127.0.0.1 at 2024-03-12 08:09:06 -0600
Processing by ArticlesController#index as HTML
  Rendering layout layouts/application.html.erb
  Rendering articles/index.html.erb within layouts/application
  Rendered articles/index.html.erb within layouts/application (Duration: 4.9ms | Allocations: 1238)
  Rendered layout layouts/application.html.erb (Duration: 6.5ms | Allocations: 1328)
Completed 500 Internal Server Error in 20ms (ActiveRecord: 0.0ms | Allocations: 2234)


  
ActionView::Template::Error (Missing partial articles/_navbar with {:locale=>[:en], :formats=>[:html], :variants=>[], :handlers=>[:raw, :erb, :html, :builder, :ruby, :jbuilder]}.

Searched in:
  * "C:/rails_test/cascady/app/views"
  * "C:/Ruby33-x64/lib/ruby/gems/3.3.0/gems/turbo-rails-2.0.4/app/views"
  * "C:/Ruby33-x64/lib/ruby/gems/3.3.0/gems/actiontext-7.1.3.2/app/views"
  * "C:/Ruby33-x64/lib/ruby/gems/3.3.0/gems/actionmailbox-7.1.3.2/app/views"
):
     5: 
     6: <body>
     7: 
     8: <%= navbar %>
     9: 
    10: <p class="p-8 text-lg  font-black flex justify-center">Find me in app/views/articles/index.html.erb</p>
    11: 
  
app/helpers/articles_helper.rb:3:in `navbar'
app/views/articles/index.html.erb:8
Started GET "/" for 127.0.0.1 at 2024-03-12 08:09:17 -0600
Processing by ArticlesController#index as HTML
  Rendering layout layouts/application.html.erb
  Rendering articles/index.html.erb within layouts/application
  Rendered articles/index.html.erb within layouts/application (Duration: 0.6ms | Allocations: 1094)
  Rendered layout layouts/application.html.erb (Duration: 1.5ms | Allocations: 1183)
Completed 500 Internal Server Error in 6ms (ActiveRecord: 0.0ms | Allocations: 1427)


  
ActionView::Template::Error (Missing partial articles/_navbar with {:locale=>[:en], :formats=>[:html], :variants=>[], :handlers=>[:raw, :erb, :html, :builder, :ruby, :jbuilder]}.

Searched in:
  * "C:/rails_test/cascady/app/views"
  * "C:/Ruby33-x64/lib/ruby/gems/3.3.0/gems/turbo-rails-2.0.4/app/views"
  * "C:/Ruby33-x64/lib/ruby/gems/3.3.0/gems/actiontext-7.1.3.2/app/views"
  * "C:/Ruby33-x64/lib/ruby/gems/3.3.0/gems/actionmailbox-7.1.3.2/app/views"
):
     5: 
     6: <body>
     7: 
     8: <%= navbar %>
     9: 
    10: <p class="p-8 text-lg  font-black flex justify-center">Find me in app/views/articles/index.html.erb</p>
    11: 
  
app/helpers/articles_helper.rb:3:in `navbar'
app/views/articles/index.html.erb:8
Started GET "/" for 127.0.0.1 at 2024-03-12 08:10:22 -0600
Processing by ArticlesController#index as HTML
  Rendering layout layouts/application.html.erb
  Rendering articles/index.html.erb within layouts/application
  Rendered articles/_navbar.html.erb (Duration: 0.6ms | Allocations: 134)
  Rendered articles/index.html.erb within layouts/application (Duration: 3.2ms | Allocations: 398)
  Rendered layout layouts/application.html.erb (Duration: 44.7ms | Allocations: 24021)
Completed 200 OK in 54ms (Views: 50.1ms | ActiveRecord: 0.0ms | Allocations: 24948)


Started GET "/output.css" for 127.0.0.1 at 2024-03-12 08:10:22 -0600
Started GET "/media/svg/Cascady_Logo.svg" for 127.0.0.1 at 2024-03-12 08:10:22 -0600
  
ActionController::RoutingError (No route matches [GET] "/output.css"):
  
  
ActionController::RoutingError (No route matches [GET] "/media/svg/Cascady_Logo.svg"):
  
Started GET "/" for 127.0.0.1 at 2024-03-12 08:11:32 -0600
Processing by ArticlesController#index as HTML
  Rendering layout layouts/application.html.erb
  Rendering articles/index.html.erb within layouts/application
  Rendered articles/_navbar.html.erb (Duration: 0.7ms | Allocations: 128)
  Rendered articles/index.html.erb within layouts/application (Duration: 3.1ms | Allocations: 391)
  Rendered layout layouts/application.html.erb (Duration: 43.3ms | Allocations: 23995)
Completed 200 OK in 54ms (Views: 48.8ms | ActiveRecord: 0.0ms | Allocations: 24922)


Started GET "/output.css" for 127.0.0.1 at 2024-03-12 08:11:33 -0600
Started GET "/media/svg/Cascady_Logo.svg" for 127.0.0.1 at 2024-03-12 08:11:33 -0600
  
ActionController::RoutingError (No route matches [GET] "/output.css"):
  
  
ActionController::RoutingError (No route matches [GET] "/media/svg/Cascady_Logo.svg"):
  
Started GET "/" for 127.0.0.1 at 2024-03-12 08:11:41 -0600
Processing by ArticlesController#index as HTML
  Rendering layout layouts/application.html.erb
  Rendering articles/index.html.erb within layouts/application
  Rendered articles/_navbar.html.erb (Duration: 0.6ms | Allocations: 128)
  Rendered articles/index.html.erb within layouts/application (Duration: 2.5ms | Allocations: 387)
  Rendered layout layouts/application.html.erb (Duration: 46.0ms | Allocations: 24020)
Completed 200 OK in 55ms (Views: 51.6ms | ActiveRecord: 0.0ms | Allocations: 24944)


Started GET "/media/svg/Cascady_Logo.svg" for 127.0.0.1 at 2024-03-12 08:11:41 -0600
Started GET "/output.css" for 127.0.0.1 at 2024-03-12 08:11:41 -0600
  
ActionController::RoutingError (No route matches [GET] "/media/svg/Cascady_Logo.svg"):
  
  
ActionController::RoutingError (No route matches [GET] "/output.css"):
  
Started GET "/" for 127.0.0.1 at 2024-03-12 08:19:31 -0600
Processing by ArticlesController#index as HTML
  Rendering layout layouts/application.html.erb
  Rendering articles/index.html.erb within layouts/application
  Rendered articles/_navbar.html.erb (Duration: 1.6ms | Allocations: 130)
  Rendered articles/index.html.erb within layouts/application (Duration: 13.4ms | Allocations: 389)
  Rendered layout layouts/application.html.erb (Duration: 1084.9ms | Allocations: 24074)
Completed 200 OK in 1098ms (Views: 1093.0ms | ActiveRecord: 0.0ms | Allocations: 24998)


Started GET "/app/assets/builds/tailwind.css" for 127.0.0.1 at 2024-03-12 08:19:32 -0600
Started GET "/output.css" for 127.0.0.1 at 2024-03-12 08:19:32 -0600
Started GET "/media/svg/Cascady_Logo.svg" for 127.0.0.1 at 2024-03-12 08:19:32 -0600
  
ActionController::RoutingError (No route matches [GET] "/app/assets/builds/tailwind.css"):
  
  
ActionController::RoutingError (No route matches [GET] "/output.css"):
  
  
ActionController::RoutingError (No route matches [GET] "/media/svg/Cascady_Logo.svg"):
  
Started GET "/" for 127.0.0.1 at 2024-03-12 08:20:05 -0600
Processing by ArticlesController#index as HTML
  Rendering layout layouts/application.html.erb
  Rendering articles/index.html.erb within layouts/application
  Rendered articles/_navbar.html.erb (Duration: 0.7ms | Allocations: 128)
  Rendered articles/index.html.erb within layouts/application (Duration: 3.6ms | Allocations: 391)
  Rendered layout layouts/application.html.erb (Duration: 702.8ms | Allocations: 24003)
Completed 200 OK in 712ms (Views: 708.3ms | ActiveRecord: 0.0ms | Allocations: 24930)


Started GET "/output.css" for 127.0.0.1 at 2024-03-12 08:20:06 -0600
Started GET "/media/svg/Cascady_Logo.svg" for 127.0.0.1 at 2024-03-12 08:20:06 -0600
  
ActionController::RoutingError (No route matches [GET] "/output.css"):
  
  
ActionController::RoutingError (No route matches [GET] "/media/svg/Cascady_Logo.svg"):
  
Started GET "/" for 127.0.0.1 at 2024-03-12 08:21:35 -0600
Processing by ArticlesController#index as HTML
  Rendering layout layouts/application.html.erb
  Rendering articles/index.html.erb within layouts/application
  Rendered articles/_navbar.html.erb (Duration: 0.9ms | Allocations: 129)
  Rendered articles/index.html.erb within layouts/application (Duration: 11.4ms | Allocations: 392)
  Rendered layout layouts/application.html.erb (Duration: 52.3ms | Allocations: 24007)
Completed 200 OK in 60ms (Views: 57.2ms | ActiveRecord: 0.0ms | Allocations: 24934)


Started GET "/output.css" for 127.0.0.1 at 2024-03-12 08:21:36 -0600
Started GET "/Cascady_Logo.svg" for 127.0.0.1 at 2024-03-12 08:21:36 -0600
  
ActionController::RoutingError (No route matches [GET] "/output.css"):
  
  
ActionController::RoutingError (No route matches [GET] "/Cascady_Logo.svg"):
  
Started GET "/" for 127.0.0.1 at 2024-03-12 08:22:32 -0600
Processing by ArticlesController#index as HTML
  Rendering layout layouts/application.html.erb
  Rendering articles/index.html.erb within layouts/application
  Rendered articles/_navbar.html.erb (Duration: 0.6ms | Allocations: 129)
  Rendered articles/index.html.erb within layouts/application (Duration: 3.4ms | Allocations: 390)
  Rendered layout layouts/application.html.erb (Duration: 43.3ms | Allocations: 24014)
Completed 200 OK in 53ms (Views: 50.2ms | ActiveRecord: 0.0ms | Allocations: 24941)


Started GET "/output.css" for 127.0.0.1 at 2024-03-12 08:22:32 -0600
Started GET "/app/views/articles/Cascady_Logo.svg" for 127.0.0.1 at 2024-03-12 08:22:32 -0600
  
ActionController::RoutingError (No route matches [GET] "/output.css"):
  
  
ActionController::RoutingError (No route matches [GET] "/app/views/articles/Cascady_Logo.svg"):
  
Started GET "/" for 127.0.0.1 at 2024-03-12 08:25:29 -0600
  [1m[36mActiveRecord::SchemaMigration Load (0.2ms)[0m  [1m[34mSELECT "schema_migrations"."version" FROM "schema_migrations" ORDER BY "schema_migrations"."version" ASC[0m
Processing by ArticlesController#index as HTML
  Rendering layout layouts/application.html.erb
  Rendering articles/index.html.erb within layouts/application
  Rendered articles/_navbar.html.erb (Duration: 0.6ms | Allocations: 141)
  Rendered articles/index.html.erb within layouts/application (Duration: 3.2ms | Allocations: 553)
  Rendered layout layouts/application.html.erb (Duration: 202.3ms | Allocations: 57508)
Completed 200 OK in 239ms (Views: 215.7ms | ActiveRecord: 0.0ms | Allocations: 62207)


Started GET "/output.css" for 127.0.0.1 at 2024-03-12 08:25:30 -0600
Started GET "/app/views/articles/Cascady_Logo.svg" for 127.0.0.1 at 2024-03-12 08:25:30 -0600
  
ActionController::RoutingError (No route matches [GET] "/output.css"):
  
  
ActionController::RoutingError (No route matches [GET] "/app/views/articles/Cascady_Logo.svg"):
  
Started GET "/" for 127.0.0.1 at 2024-03-12 08:32:16 -0600
Processing by ArticlesController#index as HTML
  Rendering layout layouts/application.html.erb
  Rendering articles/index.html.erb within layouts/application
  Rendered articles/_navbar.html.erb (Duration: 0.0ms | Allocations: 9)
  Rendered articles/index.html.erb within layouts/application (Duration: 0.8ms | Allocations: 74)
  Rendered layout layouts/application.html.erb (Duration: 18.5ms | Allocations: 6588)
Completed 200 OK in 21ms (Views: 19.4ms | ActiveRecord: 0.0ms | Allocations: 6858)


Started GET "/output.css" for 127.0.0.1 at 2024-03-12 08:32:16 -0600
Started GET "/app/views/articles/Cascady_Logo.svg" for 127.0.0.1 at 2024-03-12 08:32:16 -0600
  
ActionController::RoutingError (No route matches [GET] "/output.css"):
  
  
ActionController::RoutingError (No route matches [GET] "/app/views/articles/Cascady_Logo.svg"):
  
Started GET "/" for 127.0.0.1 at 2024-03-12 08:32:36 -0600
Processing by ArticlesController#index as HTML
  Rendering layout layouts/application.html.erb
  Rendering articles/index.html.erb within layouts/application
  Rendered articles/_navbar.html.erb (Duration: 0.7ms | Allocations: 128)
  Rendered articles/_footer.html.erb (Duration: 0.8ms | Allocations: 146)
  Rendered articles/index.html.erb within layouts/application (Duration: 7.2ms | Allocations: 690)
  Rendered layout layouts/application.html.erb (Duration: 63.6ms | Allocations: 24290)
Completed 200 OK in 77ms (Views: 72.1ms | ActiveRecord: 0.0ms | Allocations: 25221)


Started GET "/output.css" for 127.0.0.1 at 2024-03-12 08:32:37 -0600
Started GET "/media/svg/square-facebook.svg" for 127.0.0.1 at 2024-03-12 08:32:37 -0600
Started GET "/app/views/articles/Cascady_Logo.svg" for 127.0.0.1 at 2024-03-12 08:32:37 -0600
Started GET "/media/svg/instagram.svg" for 127.0.0.1 at 2024-03-12 08:32:37 -0600
Started GET "/media/svg/x-twitter.svg" for 127.0.0.1 at 2024-03-12 08:32:38 -0600
  
ActionController::RoutingError (No route matches [GET] "/output.css"):
  
  
ActionController::RoutingError (No route matches [GET] "/media/svg/square-facebook.svg"):
  
  
ActionController::RoutingError (No route matches [GET] "/app/views/articles/Cascady_Logo.svg"):
  
  
ActionController::RoutingError (No route matches [GET] "/media/svg/instagram.svg"):
  
  
ActionController::RoutingError (No route matches [GET] "/media/svg/x-twitter.svg"):
  
Started GET "/output.css" for 127.0.0.1 at 2024-03-12 08:32:38 -0600
  
ActionController::RoutingError (No route matches [GET] "/output.css"):
  
Started GET "/" for ::1 at 2024-03-13 08:32:10 -0600
Started GET "/" for ::1 at 2024-03-13 08:32:10 -0600
  [1m[36mActiveRecord::SchemaMigration Load (0.2ms)[0m  [1m[34mSELECT "schema_migrations"."version" FROM "schema_migrations" ORDER BY "schema_migrations"."version" ASC[0m
Processing by ArticlesController#index as HTML
Processing by ArticlesController#index as HTML
  Rendering layout layouts/application.html.erb
  Rendering articles/index.html.erb within layouts/application
  Rendering layout layouts/application.html.erb
  Rendering articles/index.html.erb within layouts/application
  Rendered articles/_navbar.html.erb (Duration: 12.1ms | Allocations: 164)
  Rendered articles/_navbar.html.erb (Duration: 1.2ms | Allocations: 181)
  Rendered articles/_footer.html.erb (Duration: 9.8ms | Allocations: 167)
  Rendered articles/index.html.erb within layouts/application (Duration: 44.5ms | Allocations: 1142)
  Rendered articles/_footer.html.erb (Duration: 1.2ms | Allocations: 175)
  Rendered articles/index.html.erb within layouts/application (Duration: 28.4ms | Allocations: 1092)
  Rendered layout layouts/application.html.erb (Duration: 908.3ms | Allocations: 100079)
Completed 200 OK in 1193ms (Views: 1000.5ms | ActiveRecord: 0.0ms | Allocations: 112600)


  Rendered layout layouts/application.html.erb (Duration: 929.2ms | Allocations: 107659)
Completed 200 OK in 2212ms (Views: 2017.6ms | ActiveRecord: 0.0ms | Allocations: 113418)


Started GET "/script.js" for ::1 at 2024-03-13 08:32:13 -0600
Started GET "/output.css" for ::1 at 2024-03-13 08:32:14 -0600
  
ActionController::RoutingError (No route matches [GET] "/script.js"):
  
Started GET "/app/views/articles/Cascady_Logo.svg" for ::1 at 2024-03-13 08:32:14 -0600
Started GET "/media/svg/square-facebook.svg" for ::1 at 2024-03-13 08:32:14 -0600
  
ActionController::RoutingError (No route matches [GET] "/output.css"):
  
  
ActionController::RoutingError (No route matches [GET] "/app/views/articles/Cascady_Logo.svg"):
  
  
ActionController::RoutingError (No route matches [GET] "/media/svg/square-facebook.svg"):
  
Started GET "/media/svg/instagram.svg" for ::1 at 2024-03-13 08:32:15 -0600
  
ActionController::RoutingError (No route matches [GET] "/media/svg/instagram.svg"):
  
Started GET "/media/svg/x-twitter.svg" for ::1 at 2024-03-13 08:32:15 -0600
Started GET "/output.css" for ::1 at 2024-03-13 08:32:15 -0600
  
ActionController::RoutingError (No route matches [GET] "/media/svg/x-twitter.svg"):
  
  
ActionController::RoutingError (No route matches [GET] "/output.css"):
  
Started GET "/" for ::1 at 2024-03-13 08:32:58 -0600
Processing by ArticlesController#index as HTML
  Rendering layout layouts/application.html.erb
  Rendering articles/index.html.erb within layouts/application
  Rendered articles/_navbar.html.erb (Duration: 0.7ms | Allocations: 128)
  Rendered articles/_footer.html.erb (Duration: 0.6ms | Allocations: 144)
  Rendered articles/index.html.erb within layouts/application (Duration: 5.7ms | Allocations: 729)
  Rendered layout layouts/application.html.erb (Duration: 676.1ms | Allocations: 24299)
Completed 200 OK in 698ms (Views: 683.7ms | ActiveRecord: 0.0ms | Allocations: 25225)


Started GET "/" for ::1 at 2024-03-13 08:32:59 -0600
Processing by ArticlesController#index as HTML
  Rendering layout layouts/application.html.erb
  Rendering articles/index.html.erb within layouts/application
  Rendered articles/_navbar.html.erb (Duration: 0.0ms | Allocations: 9)
  Rendered articles/_footer.html.erb (Duration: 0.0ms | Allocations: 8)
  Rendered articles/index.html.erb within layouts/application (Duration: 1.6ms | Allocations: 140)
  Rendered layout layouts/application.html.erb (Duration: 22.4ms | Allocations: 6427)
Completed 200 OK in 26ms (Views: 23.8ms | ActiveRecord: 0.0ms | Allocations: 6690)


Started GET "/script.js" for ::1 at 2024-03-13 08:33:00 -0600
Started GET "/output.css" for ::1 at 2024-03-13 08:33:00 -0600
Started GET "/app/views/articles/Cascady_Logo.svg" for ::1 at 2024-03-13 08:33:00 -0600
Started GET "/media/svg/square-facebook.svg" for ::1 at 2024-03-13 08:33:00 -0600
Started GET "/media/svg/instagram.svg" for ::1 at 2024-03-13 08:33:00 -0600
  
ActionController::RoutingError (No route matches [GET] "/script.js"):
  
  
ActionController::RoutingError (No route matches [GET] "/output.css"):
  
  
ActionController::RoutingError (No route matches [GET] "/app/views/articles/Cascady_Logo.svg"):
  
  
ActionController::RoutingError (No route matches [GET] "/media/svg/square-facebook.svg"):
  
  
ActionController::RoutingError (No route matches [GET] "/media/svg/instagram.svg"):
  
Started GET "/output.css" for ::1 at 2024-03-13 08:33:01 -0600
  
ActionController::RoutingError (No route matches [GET] "/output.css"):
  
Started GET "/media/svg/x-twitter.svg" for ::1 at 2024-03-13 08:33:01 -0600
  
ActionController::RoutingError (No route matches [GET] "/media/svg/x-twitter.svg"):
  
Started GET "/" for ::1 at 2024-03-13 08:33:18 -0600
Processing by ArticlesController#index as HTML
  Rendering layout layouts/application.html.erb
  Rendering articles/index.html.erb within layouts/application
  Rendered articles/_navbar.html.erb (Duration: 0.6ms | Allocations: 128)
  Rendered articles/_footer.html.erb (Duration: 0.6ms | Allocations: 144)
  Rendered articles/index.html.erb within layouts/application (Duration: 5.7ms | Allocations: 730)
  Rendered layout layouts/application.html.erb (Duration: 47.1ms | Allocations: 24341)
Completed 200 OK in 678ms (Views: 673.7ms | ActiveRecord: 0.0ms | Allocations: 25267)


Started GET "/media/svg/x-twitter.svg" for ::1 at 2024-03-13 08:33:19 -0600
Started GET "/script.js" for ::1 at 2024-03-13 08:33:19 -0600
Started GET "/app/views/articles/Cascady_Logo.svg" for ::1 at 2024-03-13 08:33:19 -0600
Started GET "/media/svg/square-facebook.svg" for ::1 at 2024-03-13 08:33:19 -0600
Started GET "/media/svg/instagram.svg" for ::1 at 2024-03-13 08:33:19 -0600
  
ActionController::RoutingError (No route matches [GET] "/media/svg/x-twitter.svg"):
  
  
ActionController::RoutingError (No route matches [GET] "/media/svg/square-facebook.svg"):
  
  
ActionController::RoutingError (No route matches [GET] "/script.js"):
  
  
ActionController::RoutingError (No route matches [GET] "/app/views/articles/Cascady_Logo.svg"):
  
  
ActionController::RoutingError (No route matches [GET] "/media/svg/instagram.svg"):
  
Started GET "/output.css" for ::1 at 2024-03-13 08:33:20 -0600
  
ActionController::RoutingError (No route matches [GET] "/output.css"):
  
Started GET "/output.css" for ::1 at 2024-03-13 08:33:20 -0600
  
ActionController::RoutingError (No route matches [GET] "/output.css"):
  
Started GET "/" for ::1 at 2024-03-13 08:33:32 -0600
Processing by ArticlesController#index as HTML
  Rendering layout layouts/application.html.erb
  Rendering articles/index.html.erb within layouts/application
  Rendered articles/_navbar.html.erb (Duration: 0.7ms | Allocations: 128)
  Rendered articles/_footer.html.erb (Duration: 0.6ms | Allocations: 144)
  Rendered articles/index.html.erb within layouts/application (Duration: 6.0ms | Allocations: 731)
  Rendered layout layouts/application.html.erb (Duration: 54.0ms | Allocations: 24377)
Completed 200 OK in 66ms (Views: 60.4ms | ActiveRecord: 0.0ms | Allocations: 25302)


Started GET "/script.js" for ::1 at 2024-03-13 08:33:32 -0600
Started GET "/media/svg/x-twitter.svg" for ::1 at 2024-03-13 08:33:32 -0600
Started GET "/media/svg/instagram.svg" for ::1 at 2024-03-13 08:33:32 -0600
Started GET "/media/svg/square-facebook.svg" for ::1 at 2024-03-13 08:33:32 -0600
Started GET "/output.css" for ::1 at 2024-03-13 08:33:32 -0600
  
ActionController::RoutingError (No route matches [GET] "/media/svg/instagram.svg"):
  
  
ActionController::RoutingError (No route matches [GET] "/media/svg/x-twitter.svg"):
  
  
ActionController::RoutingError (No route matches [GET] "/script.js"):
  
  
ActionController::RoutingError (No route matches [GET] "/media/svg/square-facebook.svg"):
  
  
ActionController::RoutingError (No route matches [GET] "/output.css"):
  
Started GET "/output.css" for ::1 at 2024-03-13 08:33:33 -0600
  
ActionController::RoutingError (No route matches [GET] "/output.css"):
  
Started GET "/app/views/articles/Cascady_Logo.svg" for ::1 at 2024-03-13 08:33:33 -0600
  
ActionController::RoutingError (No route matches [GET] "/app/views/articles/Cascady_Logo.svg"):
  
Started GET "/" for ::1 at 2024-03-13 08:33:52 -0600
Processing by ArticlesController#index as HTML
  Rendering layout layouts/application.html.erb
  Rendering articles/index.html.erb within layouts/application
  Rendered articles/_navbar.html.erb (Duration: 0.6ms | Allocations: 128)
  Rendered articles/_footer.html.erb (Duration: 0.6ms | Allocations: 144)
  Rendered articles/index.html.erb within layouts/application (Duration: 5.1ms | Allocations: 731)
  Rendered layout layouts/application.html.erb (Duration: 47.8ms | Allocations: 24333)
Completed 200 OK in 71ms (Views: 55.3ms | ActiveRecord: 0.0ms | Allocations: 25260)


Started GET "/app/views/articles/Cascady_Logo.svg" for ::1 at 2024-03-13 08:33:52 -0600
Started GET "/media/svg/instagram.svg" for ::1 at 2024-03-13 08:33:52 -0600
Started GET "/script.js" for ::1 at 2024-03-13 08:33:52 -0600
Started GET "/media/svg/x-twitter.svg" for ::1 at 2024-03-13 08:33:52 -0600
Started GET "/media/svg/square-facebook.svg" for ::1 at 2024-03-13 08:33:52 -0600
  
ActionController::RoutingError (No route matches [GET] "/script.js"):
  
  
ActionController::RoutingError (No route matches [GET] "/app/views/articles/Cascady_Logo.svg"):
  
  
ActionController::RoutingError (No route matches [GET] "/media/svg/instagram.svg"):
  
  
ActionController::RoutingError (No route matches [GET] "/media/svg/square-facebook.svg"):
  
  
ActionController::RoutingError (No route matches [GET] "/media/svg/x-twitter.svg"):
  
Started GET "/output.css" for ::1 at 2024-03-13 08:33:53 -0600
  
ActionController::RoutingError (No route matches [GET] "/output.css"):
  
Started GET "/output.css" for ::1 at 2024-03-13 08:33:54 -0600
  
ActionController::RoutingError (No route matches [GET] "/output.css"):
  
Started GET "/" for ::1 at 2024-03-13 08:34:15 -0600
Processing by ArticlesController#index as HTML
  Rendering layout layouts/application.html.erb
  Rendering articles/index.html.erb within layouts/application
  Rendered articles/_navbar.html.erb (Duration: 0.6ms | Allocations: 128)
  Rendered articles/_footer.html.erb (Duration: 0.6ms | Allocations: 144)
  Rendered articles/index.html.erb within layouts/application (Duration: 4.8ms | Allocations: 731)
  Rendered layout layouts/application.html.erb (Duration: 46.5ms | Allocations: 24351)
Completed 200 OK in 69ms (Views: 54.7ms | ActiveRecord: 0.0ms | Allocations: 25278)


Started GET "/script.js" for ::1 at 2024-03-13 08:34:16 -0600
Started GET "/output.css" for ::1 at 2024-03-13 08:34:16 -0600
Started GET "/app/views/articles/Cascady_Logo.svg" for ::1 at 2024-03-13 08:34:16 -0600
Started GET "/media/svg/square-facebook.svg" for ::1 at 2024-03-13 08:34:16 -0600
Started GET "/media/svg/instagram.svg" for ::1 at 2024-03-13 08:34:16 -0600
  
ActionController::RoutingError (No route matches [GET] "/script.js"):
  
  
ActionController::RoutingError (No route matches [GET] "/output.css"):
  
  
ActionController::RoutingError (No route matches [GET] "/app/views/articles/Cascady_Logo.svg"):
  
  
ActionController::RoutingError (No route matches [GET] "/media/svg/square-facebook.svg"):
  
  
ActionController::RoutingError (No route matches [GET] "/media/svg/instagram.svg"):
  
Started GET "/output.css" for ::1 at 2024-03-13 08:34:16 -0600
  
ActionController::RoutingError (No route matches [GET] "/output.css"):
  
Started GET "/media/svg/x-twitter.svg" for ::1 at 2024-03-13 08:34:17 -0600
  
ActionController::RoutingError (No route matches [GET] "/media/svg/x-twitter.svg"):
  
Started GET "/" for ::1 at 2024-03-13 08:34:57 -0600
Processing by ArticlesController#index as HTML
  Rendering layout layouts/application.html.erb
  Rendering articles/index.html.erb within layouts/application
  Rendered articles/_navbar.html.erb (Duration: 0.7ms | Allocations: 128)
  Rendered articles/_footer.html.erb (Duration: 0.7ms | Allocations: 144)
  Rendered articles/index.html.erb within layouts/application (Duration: 6.4ms | Allocations: 727)
  Rendered layout layouts/application.html.erb (Duration: 53.3ms | Allocations: 24338)
Completed 200 OK in 79ms (Views: 61.9ms | ActiveRecord: 0.0ms | Allocations: 25266)


Started GET "/output.css" for ::1 at 2024-03-13 08:34:57 -0600
Started GET "/script.js" for ::1 at 2024-03-13 08:34:57 -0600
Started GET "/media/svg/square-facebook.svg" for ::1 at 2024-03-13 08:34:57 -0600
Started GET "/app/views/articles/Cascady_Logo.svg" for ::1 at 2024-03-13 08:34:57 -0600
Started GET "/media/svg/instagram.svg" for ::1 at 2024-03-13 08:34:57 -0600
  
ActionController::RoutingError (No route matches [GET] "/output.css"):
  
  
ActionController::RoutingError (No route matches [GET] "/script.js"):
  
  
ActionController::RoutingError (No route matches [GET] "/media/svg/square-facebook.svg"):
  
  
ActionController::RoutingError (No route matches [GET] "/app/views/articles/Cascady_Logo.svg"):
  
  
ActionController::RoutingError (No route matches [GET] "/media/svg/instagram.svg"):
  
Started GET "/output.css" for ::1 at 2024-03-13 08:34:58 -0600
  
ActionController::RoutingError (No route matches [GET] "/output.css"):
  
Started GET "/media/svg/x-twitter.svg" for ::1 at 2024-03-13 08:34:58 -0600
  
ActionController::RoutingError (No route matches [GET] "/media/svg/x-twitter.svg"):
  
Started GET "/" for ::1 at 2024-03-13 08:36:35 -0600
Processing by ArticlesController#index as HTML
  Rendering layout layouts/application.html.erb
  Rendering articles/index.html.erb within layouts/application
  Rendered articles/_navbar.html.erb (Duration: 0.6ms | Allocations: 128)
  Rendered articles/_footer.html.erb (Duration: 0.6ms | Allocations: 144)
  Rendered articles/index.html.erb within layouts/application (Duration: 5.8ms | Allocations: 725)
  Rendered layout layouts/application.html.erb (Duration: 49.4ms | Allocations: 24333)
Completed 200 OK in 71ms (Views: 56.9ms | ActiveRecord: 0.0ms | Allocations: 25258)


Started GET "/output.css" for ::1 at 2024-03-13 08:36:36 -0600
Started GET "/script.js" for ::1 at 2024-03-13 08:36:36 -0600
Started GET "/app/views/articles/Cascady_Logo.svg" for ::1 at 2024-03-13 08:36:36 -0600
Started GET "/media/svg/square-facebook.svg" for ::1 at 2024-03-13 08:36:36 -0600
Started GET "/media/svg/instagram.svg" for ::1 at 2024-03-13 08:36:36 -0600
  
ActionController::RoutingError (No route matches [GET] "/output.css"):
  
  
ActionController::RoutingError (No route matches [GET] "/script.js"):
  
  
ActionController::RoutingError (No route matches [GET] "/app/views/articles/Cascady_Logo.svg"):
  
  
ActionController::RoutingError (No route matches [GET] "/media/svg/square-facebook.svg"):
  
  
ActionController::RoutingError (No route matches [GET] "/media/svg/instagram.svg"):
  
Started GET "/output.css" for ::1 at 2024-03-13 08:36:36 -0600
Started GET "/media/svg/x-twitter.svg" for ::1 at 2024-03-13 08:36:37 -0600
  
ActionController::RoutingError (No route matches [GET] "/output.css"):
  
  
ActionController::RoutingError (No route matches [GET] "/media/svg/x-twitter.svg"):
  
Started GET "/" for ::1 at 2024-03-13 08:37:11 -0600
Processing by ArticlesController#index as HTML
  Rendering layout layouts/application.html.erb
  Rendering articles/index.html.erb within layouts/application
  Rendered articles/_navbar.html.erb (Duration: 0.0ms | Allocations: 9)
  Rendered articles/_footer.html.erb (Duration: 0.0ms | Allocations: 8)
  Rendered articles/index.html.erb within layouts/application (Duration: 2.3ms | Allocations: 140)
  Rendered layout layouts/application.html.erb (Duration: 25.2ms | Allocations: 6535)
Completed 200 OK in 30ms (Views: 27.1ms | ActiveRecord: 0.0ms | Allocations: 6799)


Started GET "/output.css" for ::1 at 2024-03-13 08:37:11 -0600
  
ActionController::RoutingError (No route matches [GET] "/output.css"):
  
Started GET "/app/views/articles/Cascady_Logo.svg" for ::1 at 2024-03-13 08:37:12 -0600
Started GET "/media/svg/square-facebook.svg" for ::1 at 2024-03-13 08:37:12 -0600
Started GET "/script.js" for ::1 at 2024-03-13 08:37:12 -0600
Started GET "/media/svg/instagram.svg" for ::1 at 2024-03-13 08:37:12 -0600
Started GET "/media/svg/x-twitter.svg" for ::1 at 2024-03-13 08:37:12 -0600
  
ActionController::RoutingError (No route matches [GET] "/media/svg/square-facebook.svg"):
  
  
ActionController::RoutingError (No route matches [GET] "/app/views/articles/Cascady_Logo.svg"):
  
  
ActionController::RoutingError (No route matches [GET] "/script.js"):
  
  
ActionController::RoutingError (No route matches [GET] "/media/svg/x-twitter.svg"):
  
  
ActionController::RoutingError (No route matches [GET] "/media/svg/instagram.svg"):
  
Started GET "/output.css" for ::1 at 2024-03-13 08:37:13 -0600
  
ActionController::RoutingError (No route matches [GET] "/output.css"):
  
[dotenv] Set [36mDATABASE_URL[0m
[dotenv] Loaded [33m.env[0m
Started GET "/" for 127.0.0.1 at 2024-03-15 09:36:19 -0600
  [1m[36mActiveRecord::SchemaMigration Load (107.4ms)[0m  [1m[34mSELECT "schema_migrations"."version" FROM "schema_migrations" ORDER BY "schema_migrations"."version" ASC[0m
Processing by ArticlesController#index as HTML
  Rendering layout layouts/application.html.erb
  Rendering articles/index.html.erb within layouts/application
  Rendered articles/_navbar.html.erb (Duration: 0.5ms | Allocations: 141)
  Rendered articles/_footer.html.erb (Duration: 0.5ms | Allocations: 146)
  Rendered articles/index.html.erb within layouts/application (Duration: 4.5ms | Allocations: 907)
  Rendered layout layouts/application.html.erb (Duration: 418.4ms | Allocations: 75757)
Completed 200 OK in 512ms (Views: 449.0ms | ActiveRecord: 0.0ms | Allocations: 83017)


Started GET "/output.css" for 127.0.0.1 at 2024-03-15 09:36:23 -0600
Started GET "/script.js" for 127.0.0.1 at 2024-03-15 09:36:23 -0600
Started GET "/app/views/articles/Cascady_Logo.svg" for 127.0.0.1 at 2024-03-15 09:36:23 -0600
Started GET "/media/svg/square-facebook.svg" for 127.0.0.1 at 2024-03-15 09:36:23 -0600
Started GET "/media/svg/instagram.svg" for 127.0.0.1 at 2024-03-15 09:36:23 -0600
  
ActionController::RoutingError (No route matches [GET] "/output.css"):
  
  
ActionController::RoutingError (No route matches [GET] "/script.js"):
  
  
ActionController::RoutingError (No route matches [GET] "/app/views/articles/Cascady_Logo.svg"):
  
  
ActionController::RoutingError (No route matches [GET] "/media/svg/square-facebook.svg"):
  
  
ActionController::RoutingError (No route matches [GET] "/media/svg/instagram.svg"):
  
Started GET "/media/svg/x-twitter.svg" for 127.0.0.1 at 2024-03-15 09:36:23 -0600
  
ActionController::RoutingError (No route matches [GET] "/media/svg/x-twitter.svg"):
  
Started GET "/output.css" for 127.0.0.1 at 2024-03-15 09:36:24 -0600
  
ActionController::RoutingError (No route matches [GET] "/output.css"):
  
Started GET "/" for 127.0.0.1 at 2024-03-15 09:37:54 -0600
Processing by ArticlesController#index as HTML
  Rendering layout layouts/application.html.erb
  Rendering articles/index.html.erb within layouts/application
  Rendered articles/_navbar.html.erb (Duration: 0.9ms | Allocations: 129)
  Rendered articles/_footer.html.erb (Duration: 1.1ms | Allocations: 144)
  Rendered articles/index.html.erb within layouts/application (Duration: 6.9ms | Allocations: 741)
  Rendered layout layouts/application.html.erb (Duration: 60.1ms | Allocations: 24717)
Completed 200 OK in 74ms (Views: 70.8ms | ActiveRecord: 0.0ms | Allocations: 25643)


Started GET "/output.css" for 127.0.0.1 at 2024-03-15 09:37:55 -0600
Started GET "/script.js" for 127.0.0.1 at 2024-03-15 09:37:55 -0600
Started GET "/app/views/articles/Cascady_Logo.svg" for 127.0.0.1 at 2024-03-15 09:37:55 -0600
Started GET "/media/svg/square-facebook.svg" for 127.0.0.1 at 2024-03-15 09:37:55 -0600
Started GET "/media/svg/instagram.svg" for 127.0.0.1 at 2024-03-15 09:37:55 -0600
  
ActionController::RoutingError (No route matches [GET] "/output.css"):
  
  
ActionController::RoutingError (No route matches [GET] "/script.js"):
  
  
ActionController::RoutingError (No route matches [GET] "/app/views/articles/Cascady_Logo.svg"):
  
  
ActionController::RoutingError (No route matches [GET] "/media/svg/square-facebook.svg"):
  
  
ActionController::RoutingError (No route matches [GET] "/media/svg/instagram.svg"):
  
Started GET "/output.css" for 127.0.0.1 at 2024-03-15 09:37:56 -0600
  
ActionController::RoutingError (No route matches [GET] "/output.css"):
  
Started GET "/media/svg/x-twitter.svg" for 127.0.0.1 at 2024-03-15 09:37:56 -0600
  
ActionController::RoutingError (No route matches [GET] "/media/svg/x-twitter.svg"):
  
Started GET "/output.css" for 127.0.0.1 at 2024-03-15 11:29:21 -0600
Started GET "/script.js" for 127.0.0.1 at 2024-03-15 11:29:21 -0600
Started GET "/app/views/articles/Cascady_Logo.svg" for 127.0.0.1 at 2024-03-15 11:29:21 -0600
Started GET "/media/svg/square-facebook.svg" for 127.0.0.1 at 2024-03-15 11:29:21 -0600
Started GET "/media/svg/x-twitter.svg" for 127.0.0.1 at 2024-03-15 11:29:21 -0600
  
ActionController::RoutingError (No route matches [GET] "/media/svg/x-twitter.svg"):
  
  
ActionController::RoutingError (No route matches [GET] "/script.js"):
  
  
ActionController::RoutingError (No route matches [GET] "/app/views/articles/Cascady_Logo.svg"):
  
  
ActionController::RoutingError (No route matches [GET] "/output.css"):
  
  
ActionController::RoutingError (No route matches [GET] "/media/svg/square-facebook.svg"):
  
Started GET "/media/svg/instagram.svg" for 127.0.0.1 at 2024-03-15 11:29:22 -0600
  
ActionController::RoutingError (No route matches [GET] "/media/svg/instagram.svg"):
  
Started GET "/output.css" for 127.0.0.1 at 2024-03-15 11:29:22 -0600
  
ActionController::RoutingError (No route matches [GET] "/output.css"):
  
Started GET "/" for 127.0.0.1 at 2024-03-15 11:29:26 -0600
Processing by ArticlesController#index as HTML
  Rendering layout layouts/application.html.erb
  Rendering articles/index.html.erb within layouts/application
  Rendered articles/_navbar.html.erb (Duration: 0.4ms | Allocations: 128)
  Rendered articles/_footer.html.erb (Duration: 0.5ms | Allocations: 144)
  Rendered articles/index.html.erb within layouts/application (Duration: 4.5ms | Allocations: 738)
  Rendered layout layouts/application.html.erb (Duration: 53.7ms | Allocations: 24801)
Completed 200 OK in 64ms (Views: 58.7ms | ActiveRecord: 0.0ms | Allocations: 25688)


Started GET "/media/svg/instagram.svg" for 127.0.0.1 at 2024-03-15 11:29:26 -0600
Started GET "/app/views/articles/Cascady_Logo.svg" for 127.0.0.1 at 2024-03-15 11:29:26 -0600
Started GET "/script.js" for 127.0.0.1 at 2024-03-15 11:29:26 -0600
Started GET "/output.css" for 127.0.0.1 at 2024-03-15 11:29:26 -0600
Started GET "/media/svg/square-facebook.svg" for 127.0.0.1 at 2024-03-15 11:29:26 -0600
  
ActionController::RoutingError (No route matches [GET] "/media/svg/instagram.svg"):
  
  
ActionController::RoutingError (No route matches [GET] "/app/views/articles/Cascady_Logo.svg"):
  
  
ActionController::RoutingError (No route matches [GET] "/script.js"):
  
  
ActionController::RoutingError (No route matches [GET] "/media/svg/square-facebook.svg"):
  
  
ActionController::RoutingError (No route matches [GET] "/output.css"):
  
Started GET "/output.css" for 127.0.0.1 at 2024-03-15 11:29:27 -0600
  
ActionController::RoutingError (No route matches [GET] "/output.css"):
  
Started GET "/media/svg/x-twitter.svg" for 127.0.0.1 at 2024-03-15 11:29:27 -0600
  
ActionController::RoutingError (No route matches [GET] "/media/svg/x-twitter.svg"):
  
[dotenv] Set [36mDATABASE_URL[0m
[dotenv] Loaded [33m.env[0m
[dotenv] Set [36mDATABASE_URL[0m
[dotenv] Loaded [33m.env[0m
[dotenv] Set [36mDATABASE_URL[0m
[dotenv] Loaded [33m.env[0m
[dotenv] Set [36mDATABASE_URL[0m
[dotenv] Loaded [33m.env[0m
[dotenv] Set [36mDATABASE_URL[0m
[dotenv] Loaded [33m.env[0m
[dotenv] Set [36mDATABASE_URL[0m
[dotenv] Loaded [33m.env[0m
[dotenv] Set [36mDATABASE_URL[0m
[dotenv] Loaded [33m.env[0m
  [1m[35m (79.0ms)[0m  [1m[34mSELECT pg_try_advisory_lock(625281553422693195)[0m
  [1m[36mActiveRecord::SchemaMigration Load (86.2ms)[0m  [1m[34mSELECT "schema_migrations"."version" FROM "schema_migrations" ORDER BY "schema_migrations"."version" ASC[0m
  [1m[36mActiveRecord::InternalMetadata Load (87.9ms)[0m  [1m[34mSELECT * FROM "ar_internal_metadata" WHERE "ar_internal_metadata"."key" = $1 ORDER BY "ar_internal_metadata"."key" ASC LIMIT 1[0m  [[nil, "environment"]]
Migrating to CreateUsuarios (20240315180400)
  [1m[36mTRANSACTION (77.1ms)[0m  [1m[35mBEGIN[0m
  [1m[35m (117.5ms)[0m  [1m[35mCREATE TABLE "usuarios" ("id" bigserial primary key, "nombre" character varying, "correo" character varying, "contraseña" character varying, "roll" character varying, "created_at" timestamp(6) NOT NULL, "updated_at" timestamp(6) NOT NULL)[0m
  [1m[36mActiveRecord::SchemaMigration Create (82.2ms)[0m  [1m[32mINSERT INTO "schema_migrations" ("version") VALUES ('20240315180400') RETURNING "version"[0m
  [1m[36mTRANSACTION (78.3ms)[0m  [1m[35mCOMMIT[0m
Migrating to CreatePlatillos (20240315180528)
  [1m[36mTRANSACTION (80.1ms)[0m  [1m[35mBEGIN[0m
  [1m[35m (165.6ms)[0m  [1m[35mCREATE TABLE "platillos" ("id" bigserial primary key, "nombre" character varying, "precio" float, "descripcion" text, "promocion" float, "tipo" character varying, "created_at" timestamp(6) NOT NULL, "updated_at" timestamp(6) NOT NULL)[0m
  [1m[36mActiveRecord::SchemaMigration Create (78.5ms)[0m  [1m[32mINSERT INTO "schema_migrations" ("version") VALUES ('20240315180528') RETURNING "version"[0m
  [1m[36mTRANSACTION (78.1ms)[0m  [1m[35mCOMMIT[0m
  [1m[35m (80.2ms)[0m  [1m[34mSELECT pg_advisory_unlock(625281553422693195)[0m
  [1m[36mActiveRecord::SchemaMigration Load (85.6ms)[0m  [1m[34mSELECT "schema_migrations"."version" FROM "schema_migrations" ORDER BY "schema_migrations"."version" ASC[0m
[dotenv] Set [36mDATABASE_URL[0m
[dotenv] Loaded [33m.env[0m
Started GET "/script.js" for 127.0.0.1 at 2024-03-15 12:12:23 -0600
Started GET "/output.css" for 127.0.0.1 at 2024-03-15 12:12:23 -0600
Started GET "/app/views/articles/Cascady_Logo.svg" for 127.0.0.1 at 2024-03-15 12:12:23 -0600
Started GET "/media/svg/instagram.svg" for 127.0.0.1 at 2024-03-15 12:12:23 -0600
Started GET "/media/svg/square-facebook.svg" for 127.0.0.1 at 2024-03-15 12:12:23 -0600
  [1m[36mActiveRecord::SchemaMigration Load (87.5ms)[0m  [1m[34mSELECT "schema_migrations"."version" FROM "schema_migrations" ORDER BY "schema_migrations"."version" ASC[0m
  
ActionController::RoutingError (No route matches [GET] "/script.js"):
  
  
ActionController::RoutingError (No route matches [GET] "/app/views/articles/Cascady_Logo.svg"):
  
  
ActionController::RoutingError (No route matches [GET] "/media/svg/square-facebook.svg"):
  
  
ActionController::RoutingError (No route matches [GET] "/output.css"):
  
  
ActionController::RoutingError (No route matches [GET] "/media/svg/instagram.svg"):
  
Started GET "/media/svg/x-twitter.svg" for 127.0.0.1 at 2024-03-15 12:12:26 -0600
  
ActionController::RoutingError (No route matches [GET] "/media/svg/x-twitter.svg"):
  
Started GET "/output.css" for 127.0.0.1 at 2024-03-15 12:12:26 -0600
  
ActionController::RoutingError (No route matches [GET] "/output.css"):
  
Started GET "/admin/index" for 127.0.0.1 at 2024-03-15 12:12:32 -0600
  
ActionController::RoutingError (No route matches [GET] "/admin/index"):
  
Started GET "/admins/index" for 127.0.0.1 at 2024-03-15 12:13:43 -0600
  
ActionController::RoutingError (uninitialized constant AdminController):
  
Started GET "/admin/index" for 127.0.0.1 at 2024-03-15 12:13:55 -0600
  
ActionController::RoutingError (No route matches [GET] "/admin/index"):
  
Started GET "/admin/index" for 127.0.0.1 at 2024-03-15 12:14:08 -0600
  
ActionController::RoutingError (No route matches [GET] "/admin/index"):
  
Started GET "/" for 127.0.0.1 at 2024-03-15 12:14:46 -0600
Processing by HomeController#index as HTML
  Rendering layout layouts/application.html.erb
  Rendering home/index.html.erb within layouts/application
  Rendered home/index.html.erb within layouts/application (Duration: 0.4ms | Allocations: 99)
  Rendered layout layouts/application.html.erb (Duration: 141.6ms | Allocations: 55424)
Completed 200 OK in 156ms (Views: 146.3ms | ActiveRecord: 0.0ms | Allocations: 57366)


Started GET "/admin/index" for 127.0.0.1 at 2024-03-15 12:15:38 -0600
  
ActionController::RoutingError (uninitialized constant AdminController):
  
Started GET "/admin/index" for 127.0.0.1 at 2024-03-15 12:15:40 -0600
  
ActionController::RoutingError (uninitialized constant AdminController):
  
Started GET "/" for 127.0.0.1 at 2024-03-15 12:18:29 -0600
Processing by HomeController#index as HTML
  Rendering layout layouts/application.html.erb
  Rendering home/index.html.erb within layouts/application
  Rendered home/index.html.erb within layouts/application (Duration: 0.6ms | Allocations: 99)
  Rendered layout layouts/application.html.erb (Duration: 38.2ms | Allocations: 24077)
Completed 200 OK in 46ms (Views: 43.5ms | ActiveRecord: 0.0ms | Allocations: 24975)


Started GET "/" for 127.0.0.1 at 2024-03-15 12:18:33 -0600
Processing by HomeController#index as HTML
  Rendering layout layouts/application.html.erb
  Rendering home/index.html.erb within layouts/application
  Rendered home/index.html.erb within layouts/application (Duration: 0.1ms | Allocations: 7)
  Rendered layout layouts/application.html.erb (Duration: 15.7ms | Allocations: 6482)
Completed 200 OK in 18ms (Views: 16.5ms | ActiveRecord: 0.0ms | Allocations: 6745)


Started GET "/admin/index" for 127.0.0.1 at 2024-03-15 12:19:00 -0600
  
ActionController::RoutingError (uninitialized constant AdminController):
  
Started GET "/admin" for 127.0.0.1 at 2024-03-15 12:19:18 -0600
  
ActionController::RoutingError (No route matches [GET] "/admin"):
  
Started GET "/admin/index" for 127.0.0.1 at 2024-03-15 12:20:15 -0600
  
ActionController::RoutingError (uninitialized constant AdminController):
  
Started GET "/admin/index" for 127.0.0.1 at 2024-03-15 12:20:17 -0600
  
ActionController::RoutingError (uninitialized constant AdminController):
  
Started GET "/admin/index" for 127.0.0.1 at 2024-03-15 12:24:56 -0600
  
ActionController::RoutingError (No route matches [GET] "/admin/index"):
  
Started GET "/admin/index" for 127.0.0.1 at 2024-03-15 12:24:58 -0600
  
ActionController::RoutingError (No route matches [GET] "/admin/index"):
  
Started GET "/admins/index" for 127.0.0.1 at 2024-03-15 12:25:04 -0600
Processing by AdminsController#index as HTML
  Rendering layout layouts/application.html.erb
  Rendering admins/index.html.erb within layouts/application
  Rendered admins/index.html.erb within layouts/application (Duration: 0.7ms | Allocations: 99)
  Rendered layout layouts/application.html.erb (Duration: 53.2ms | Allocations: 24085)
Completed 200 OK in 67ms (Views: 60.3ms | ActiveRecord: 0.0ms | Allocations: 24983)


Started GET "/admins/index" for 127.0.0.1 at 2024-03-15 12:25:52 -0600
Processing by AdminsController#index as HTML
  Rendering layout layouts/application.html.erb
  Rendering admins/index.html.erb within layouts/application
  Rendered admins/index.html.erb within layouts/application (Duration: 1.3ms | Allocations: 223)
  Rendered layout layouts/application.html.erb (Duration: 51.8ms | Allocations: 24197)
Completed 200 OK in 67ms (Views: 60.3ms | ActiveRecord: 0.0ms | Allocations: 25131)


Started GET "/usuarios" for 127.0.0.1 at 2024-03-15 12:25:54 -0600
Processing by UsuariosController#index as HTML
  Rendering layout layouts/application.html.erb
  Rendering usuarios/index.html.erb within layouts/application
  Rendered usuarios/index.html.erb within layouts/application (Duration: 1.0ms | Allocations: 1296)
  Rendered layout layouts/application.html.erb (Duration: 1.5ms | Allocations: 1385)
Completed 500 Internal Server Error in 92ms (ActiveRecord: 0.0ms | Allocations: 11860)


  
ActionView::Template::Error (undefined local variable or method `admin_path' for an instance of #<Class:0x000002208bbe55c0>):
    2: 
    3: 
    4: <div>
    5:     <%=link_to "Regresar", admin_path%>
    6: </div>
    7: <div>
    8:     <%=link_to "Agregar usuario", new_usuario_path%>
  
app/views/usuarios/index.html.erb:5
Started GET "/platillos" for 127.0.0.1 at 2024-03-15 12:25:55 -0600
Processing by PlatillosController#index as HTML
  Rendering layout layouts/application.html.erb
  Rendering platillos/index.html.erb within layouts/application
  Rendered platillos/index.html.erb within layouts/application (Duration: 5.8ms | Allocations: 1237)
  Rendered layout layouts/application.html.erb (Duration: 6.5ms | Allocations: 1326)
Completed 500 Internal Server Error in 24ms (ActiveRecord: 0.0ms | Allocations: 2607)


  
ActionView::Template::Error (undefined local variable or method `admin_path' for an instance of #<Class:0x000002208bbe55c0>):
    1: <h2>Platillos</h2>
    2: 
    3: <hr>
    4: <%=link_to "Regresar", admin_path%>
    5: <%=link_to "Agregar platillo", new_platillo_path%>
    6: 
    7: <hr>
  
app/views/platillos/index.html.erb:4
Started GET "/usuarios" for 127.0.0.1 at 2024-03-15 12:25:58 -0600
Processing by UsuariosController#index as HTML
  Rendering layout layouts/application.html.erb
  Rendering usuarios/index.html.erb within layouts/application
  Rendered usuarios/index.html.erb within layouts/application (Duration: 0.3ms | Allocations: 992)
  Rendered layout layouts/application.html.erb (Duration: 1.2ms | Allocations: 1081)
Completed 500 Internal Server Error in 9ms (ActiveRecord: 0.0ms | Allocations: 1338)


  
ActionView::Template::Error (undefined local variable or method `admin_path' for an instance of #<Class:0x000002208bbe55c0>):
    2: 
    3: 
    4: <div>
    5:     <%=link_to "Regresar", admin_path%>
    6: </div>
    7: <div>
    8:     <%=link_to "Agregar usuario", new_usuario_path%>
  
app/views/usuarios/index.html.erb:5
Started GET "/usuarios" for 127.0.0.1 at 2024-03-15 12:27:07 -0600
Processing by UsuariosController#index as HTML
  Rendering layout layouts/application.html.erb
  Rendering usuarios/index.html.erb within layouts/application
  Rendered usuarios/index.html.erb within layouts/application (Duration: 2.6ms | Allocations: 992)
  Rendered layout layouts/application.html.erb (Duration: 3.9ms | Allocations: 1081)
Completed 500 Internal Server Error in 10ms (ActiveRecord: 0.0ms | Allocations: 1337)


  
ActionView::Template::Error (undefined local variable or method `admin_path' for an instance of #<Class:0x000002208bbe55c0>):
    2: 
    3: 
    4: <div>
    5:     <%=link_to "Regresar", admin_path%>
    6: </div>
    7: <div>
    8:     <%=link_to "Agregar usuario", new_usuario_path%>
  
app/views/usuarios/index.html.erb:5
Started GET "/usuarios" for 127.0.0.1 at 2024-03-15 12:27:20 -0600
Processing by UsuariosController#index as HTML
  Rendering layout layouts/application.html.erb
  Rendering usuarios/index.html.erb within layouts/application
  Rendered usuarios/index.html.erb within layouts/application (Duration: 0.6ms | Allocations: 992)
  Rendered layout layouts/application.html.erb (Duration: 1.3ms | Allocations: 1081)
Completed 500 Internal Server Error in 8ms (ActiveRecord: 0.0ms | Allocations: 1333)


  
ActionView::Template::Error (undefined local variable or method `admin_path' for an instance of #<Class:0x000002208bbe55c0>):
    2: 
    3: 
    4: <div>
    5:     <%=link_to "Regresar", admin_path%>
    6: </div>
    7: <div>
    8:     <%=link_to "Agregar usuario", new_usuario_path%>
  
app/views/usuarios/index.html.erb:5
[dotenv] Set [36mDATABASE_URL[0m
[dotenv] Loaded [33m.env[0m
